$H,1,"2",30,"00:00:07.122"
$H,2,"AS",27,"00:00:07.467"
$H,3,"ZB",0,"00:00:00.000"
$H,4,"2",0,"00:00:00.000"
$G,1,"2",39,"00:04:39.660"
$G,2,"AS",37,"00:04:42.852"
$G,3,"ZB",,"00:00:00.000"
$B,95,"A Feature 1"
$A,"AS","AS",13100269,"Abby","Speelman","",1
$A,"ZB","ZB",11859021,"Zachary","Browne","",1
$A,"2","2",15477606,"Salvatore","Marone","",1
$COMP,"AS","AS",1,"Abby","Speelman","",""
$COMP,"ZB","ZB",1,"Zachary","Browne","",""
$COMP,"2","2",1,"Salvatore","Marone","",""
$C,1,"Light World Formula"
$E,"TRACKNAME","HQMA"
$E,"TRACKLENGTH","0.080"
$F,0,"00:00:00","18:41:43","00:00:00","      "
$F,0,"00:00:00","18:41:44","00:00:00","      "
$F,0,"00:00:00","18:41:45","00:00:00","      "

$F,0,"00:00:00","18:43:02","00:00:00","      "
$I,"18:43:03","18 Apr 26"
$I,"18:43:03","18 Apr 26"
$I,"18:43:03","18 Apr 26"
$F,40,"00:00:00","18:43:03","00:00:00","      "
$B,84,"A Feature 1"
$E,"TRACKNAME","HQMA"
$E,"TRACKLENGTH","0.080"
$B,84,"A Feature 1"
$E,"TRACKNAME","HQMA"
$E,"TRACKLENGTH","0.080"
$C,1,"Heavy World Formula"
$A,"CT","CT",10498830,"Cameron","Taylor","",1
$COMP,"CT","CT",1,"Cameron","Taylor","",""
$A,"MD","MD",14287310,"Mallory","Detwiler","",1
$COMP,"MD","MD",1,"Mallory","Detwiler","",""
$G,1,"CT",,"00:00:00.000"
$G,2,"MD",,"00:00:00.000"
$H,1,"CT",0,"00:00:00.000"
$H,2,"MD",0,"00:00:00.000"
$F,40,"00:00:00","18:43:04","00:00:00","      "
$F,40,"00:00:00","18:43:05","00:00:00","      "
$F,40,"00:00:00","18:43:06","00:00:00","      "
$F,40,"00:00:00","18:43:07","00:00:00","      "
$F,40,"00:00:00","18:43:08","00:00:00","      "
$F,40,"00:00:00","18:43:09","00:00:00","      "
$F,40,"00:00:00","18:43:10","00:00:00","      "
$F,40,"00:00:00","18:43:11","00:00:00","      "
$F,40,"00:00:00","18:43:12","00:00:00","      "
$F,40,"00:00:00","18:43:13","00:00:00","      "
$F,40,"00:00:00","18:43:14","00:00:00","      "
$F,40,"00:00:00","18:43:15","00:00:00","      "
$F,40,"00:00:00","18:43:16","00:00:00","      "
$F,40,"00:00:00","18:43:17","00:00:00","      "
$F,40,"00:00:00","18:43:18","00:00:00","      "
$F,40,"00:00:00","18:43:19","00:00:00","      "
$A,"2","2",B7,"Cameron","Taylor","",1
$COMP,"2","2",1,"Cameron","Taylor","",""
$J,"2","00:00:00.000","00:00:00.000"
$G,1,"2",,"00:00:00.000"
$H,3,"2",0,"00:00:00.000"
$G,3,"MD",,"00:00:00.000"
$G,2,"CT",,"00:00:00.000"
$F,40,"00:00:00","18:43:20","00:00:00","      "
$F,40,"00:00:00","18:43:21","00:00:00","      "
$F,40,"00:00:00","18:43:22","00:00:00","      "
$F,40,"00:00:00","18:43:23","00:00:00","      "
$F,40,"00:00:00","18:43:24","00:00:00","      "
$F,40,"00:00:00","18:43:25","00:00:00","      "
$F,40,"00:00:00","18:43:26","00:00:00","      "
$J,"2","00:00:00.000","00:00:00.000"
$G,1,"2",,"00:00:00.000"
$H,3,"2",0,"00:00:00.000"
$F,40,"00:00:00","18:43:27","00:00:00","      "
$J,"MD","00:00:00.000","00:00:00.000"
$G,3,"MD",,"00:00:00.000"
$H,2,"MD",0,"00:00:00.000"
$F,40,"00:00:00","18:43:28","00:00:00","      "
$F,40,"00:00:00","18:43:29","00:00:00","      "
$F,40,"00:00:00","18:43:30","00:00:00","      "
$F,40,"00:00:00","18:43:31","00:00:00","      "
$F,40,"00:00:00","18:43:32","00:00:00","      "
$F,40,"00:00:00","18:43:33","00:00:00","      "
$F,40,"00:00:00","18:43:34","00:00:00","      "
$F,40,"00:00:00","18:43:35","00:00:00","      "
$F,40,"00:00:00","18:43:36","00:00:00","      "
$F,40,"00:00:00","18:43:37","00:00:00","      "
$J,"2","00:00:00.000","00:00:00.000"
$G,1,"2",,"00:00:00.000"
$H,3,"2",0,"00:00:00.000"
$F,40,"00:00:00","18:43:38","00:00:00","      "
$J,"MD","00:00:00.000","00:00:00.000"
$G,3,"MD",,"00:00:00.000"
$H,2,"MD",0,"00:00:00.000"
$F,40,"00:00:00","18:43:39","00:00:00","      "
$F,40,"00:00:00","18:43:40","00:00:00","      "
$F,40,"00:00:00","18:43:41","00:00:00","      "
$F,40,"00:00:00","18:43:42","00:00:00","      "
$F,40,"00:00:00","18:43:43","00:00:00","      "
$F,40,"00:00:00","18:43:44","00:00:00","      "
$F,40,"00:00:00","18:43:45","00:00:00","      "
$F,40,"00:00:00","18:43:46","00:00:00","      "
$F,40,"00:00:00","18:43:47","00:00:00","      "
$F,40,"00:00:00","18:43:48","00:00:00","      "
$F,40,"00:00:00","18:43:49","00:00:00","      "
$F,40,"00:00:00","18:43:50","00:00:00","      "
$J,"2","00:00:00.000","00:00:00.000"
$G,1,"2",,"00:00:00.000"
$H,3,"2",0,"00:00:00.000"
$J,"MD","00:00:00.000","00:00:00.000"
$G,3,"MD",,"00:00:00.000"
$H,2,"MD",0,"00:00:00.000"
$F,40,"00:00:00","18:43:51","00:00:00","      "
$F,40,"00:00:00","18:43:52","00:00:00","      "
$F,40,"00:00:00","18:43:53","00:00:00","      "
$F,40,"00:00:00","18:43:54","00:00:00","      "
$F,40,"00:00:00","18:43:55","00:00:00","      "
$F,40,"00:00:00","18:43:56","00:00:00","      "
$I,"18:43:56","18 Apr 26"
$B,84,"A Feature 1"
$A,"MD","MD",14287310,"Mallory","Detwiler","",1
$A,"2","2",B7,"Cameron","Taylor","",1
$COMP,"MD","MD",1,"Mallory","Detwiler","",""
$COMP,"2","2",1,"Cameron","Taylor","",""
$C,1,"Heavy World Formula"
$E,"TRACKNAME","HQMA"
$E,"TRACKLENGTH","0.080"
$H,2,"MD",0,"00:00:00.000"
$H,3,"2",0,"00:00:00.000"
$G,1,"2",,"00:00:00.000"
$G,3,"MD",,"00:00:00.000"
$F,40,"00:00:00","18:43:57","00:00:00","      "
$G,2,"MD",,"00:00:00.000"
$H,1,"MD",0,"00:00:00.000"
$H,2,"2",0,"00:00:00.000"
$I,"18:43:57","18 Apr 26"
$B,84,"A Feature 1"
$A,"MD","MD",14287310,"Mallory","Detwiler","",1
$A,"2","2",B7,"Cameron","Taylor","",1
$COMP,"MD","MD",1,"Mallory","Detwiler","",""
$COMP,"2","2",1,"Cameron","Taylor","",""
$C,1,"Heavy World Formula"
$E,"TRACKNAME","HQMA"
$E,"TRACKLENGTH","0.080"
$H,1,"MD",0,"00:00:00.000"
$H,2,"2",0,"00:00:00.000"
$H,3,"2",0,"00:00:00.000"
$G,1,"2",,"00:00:00.000"
$G,2,"MD",,"00:00:00.000"
$F,40,"00:00:00","18:43:58","00:00:00","      "
$F,40,"00:00:00","18:43:59","00:00:00","      "
$F,40,"00:00:00","18:44:00","00:00:00","      "
$A,"2","2",14287310,"Mallory","Detwiler","",1
$COMP,"2","2",1,"Mallory","Detwiler","",""
$F,40,"00:00:00","18:44:01","00:00:00","      "
$J,"2","00:00:00.000","00:00:00.000"
$G,1,"2",,"00:00:00.000"
$H,1,"2",0,"00:00:00.000"
$J,"2","00:00:00.000","00:00:00.000"
$G,2,"2",,"00:00:00.000"
$H,2,"2",0,"00:00:00.000"
$F,40,"00:00:00","18:44:02","00:00:00","      "
$A,"1","1",B7,"Cameron","Taylor","",1
$COMP,"1","1",1,"Cameron","Taylor","",""
$G,1,"1",,"00:00:00.000"
$H,1,"1",0,"00:00:00.000"
$F,40,"00:00:00","18:44:03","00:00:00","      "
$F,40,"00:00:00","18:44:04","00:00:00","      "
$F,40,"00:00:00","18:44:05","00:00:00","      "
$F,40,"00:00:00","18:44:06","00:00:00","      "
$F,40,"00:00:00","18:44:07","00:00:00","Green "
$F,40,"00:00:00","18:44:08","00:00:01","Green "
$F,39,"00:00:00","18:44:08","00:00:01","Green "
$J,"1","00:00:00.000","00:00:01.768"
$G,1,"1",1,"00:00:01.768"
$H,1,"1",0,"00:00:00.000"
$J,"2","00:00:00.000","00:00:02.181"
$G,2,"2",1,"00:00:02.181"
$H,2,"2",0,"00:00:00.000"
$F,39,"00:00:00","18:44:09","00:00:02","Green "
$F,39,"00:00:00","18:44:10","00:00:03","Green "
$F,39,"00:00:00","18:44:11","00:00:04","Green "
$F,39,"00:00:00","18:44:12","00:00:05","Green "
$F,39,"00:00:00","18:44:13","00:00:06","Green "
$F,39,"00:00:00","18:44:14","00:00:07","Green "
$F,39,"00:00:00","18:44:15","00:00:08","Green "
$F,39,"00:00:00","18:44:16","00:00:09","Green "
$F,38,"00:00:00","18:44:16","00:00:09","Green "
$J,"1","00:00:07.536","00:00:09.304"
$G,1,"1",2,"00:00:09.304"
$H,1,"1",2,"00:00:07.536"
$J,"2","00:00:07.613","00:00:09.794"
$G,2,"2",2,"00:00:09.794"
$H,2,"2",2,"00:00:07.613"
$F,38,"00:00:00","18:44:17","00:00:10","Green "
$F,38,"00:00:00","18:44:18","00:00:11","Green "
$F,38,"00:00:00","18:44:19","00:00:12","Green "
$F,38,"00:00:00","18:44:20","00:00:13","Green "
$F,38,"00:00:00","18:44:21","00:00:14","Green "
$F,38,"00:00:00","18:44:22","00:00:15","Green "
$F,38,"00:00:00","18:44:23","00:00:16","Green "
$F,37,"00:00:00","18:44:23","00:00:16","Green "
$J,"1","00:00:07.418","00:00:16.722"
$G,1,"1",3,"00:00:16.722"
$H,1,"1",3,"00:00:07.418"
$F,37,"00:00:00","18:44:24","00:00:17","Green "
$J,"2","00:00:07.483","00:00:17.277"
$G,2,"2",3,"00:00:17.277"
$H,2,"2",3,"00:00:07.483"
$F,37,"00:00:00","18:44:25","00:00:18","Green "
$F,37,"00:00:00","18:44:26","00:00:19","Green "
$F,37,"00:00:00","18:44:27","00:00:20","Green "
$F,37,"00:00:00","18:44:28","00:00:21","Green "
$F,37,"00:00:00","18:44:29","00:00:22","Green "
$F,37,"00:00:00","18:44:30","00:00:23","Green "
$F,36,"00:00:00","18:44:30","00:00:24","Green "
$J,"1","00:00:07.332","00:00:24.054"
$G,1,"1",4,"00:00:24.054"
$H,1,"1",4,"00:00:07.332"
$F,36,"00:00:00","18:44:31","00:00:24","Green "
$J,"2","00:00:07.474","00:00:24.751"
$G,2,"2",4,"00:00:24.751"
$H,2,"2",4,"00:00:07.474"
$F,36,"00:00:00","18:44:32","00:00:25","Green "
$F,36,"00:00:00","18:44:33","00:00:26","Green "
$F,36,"00:00:00","18:44:34","00:00:27","Green "
$F,36,"00:00:00","18:44:35","00:00:28","Green "
$F,36,"00:00:00","18:44:36","00:00:29","Green "
$F,36,"00:00:00","18:44:37","00:00:30","Green "
$F,36,"00:00:00","18:44:38","00:00:31","Green "
$F,35,"00:00:00","18:44:38","00:00:31","Green "
$J,"1","00:00:07.337","00:00:31.391"
$G,1,"1",5,"00:00:31.391"
$H,1,"1",4,"00:00:07.332"
$F,35,"00:00:00","18:44:38","00:00:32","Green "
$J,"2","00:00:07.302","00:00:32.053"
$G,2,"2",5,"00:00:32.053"
$H,1,"2",5,"00:00:07.302"
$F,35,"00:00:00","18:44:39","00:00:32","Green "
$H,2,"1",4,"00:00:07.332"
$F,35,"00:00:00","18:44:40","00:00:33","Green "
$F,35,"00:00:00","18:44:41","00:00:34","Green "
$F,35,"00:00:00","18:44:42","00:00:35","Green "
$F,35,"00:00:00","18:44:43","00:00:36","Green "
$F,35,"00:00:00","18:44:44","00:00:37","Green "
$F,35,"00:00:00","18:44:45","00:00:38","Green "
$F,34,"00:00:00","18:44:45","00:00:38","Green "
$J,"1","00:00:07.267","00:00:38.658"
$G,1,"1",6,"00:00:38.658"
$H,1,"1",6,"00:00:07.267"
$H,2,"2",5,"00:00:07.302"
$F,34,"00:00:00","18:44:46","00:00:39","Green "
$J,"2","00:00:07.256","00:00:39.309"
$G,2,"2",6,"00:00:39.309"
$H,1,"2",6,"00:00:07.256"
$H,2,"1",6,"00:00:07.267"
$F,34,"00:00:00","18:44:47","00:00:40","Green "
$F,34,"00:00:00","18:44:48","00:00:41","Green "
$F,34,"00:00:00","18:44:49","00:00:42","Green "
$F,34,"00:00:00","18:44:50","00:00:43","Green "
$F,34,"00:00:00","18:44:51","00:00:44","Green "
$F,34,"00:00:00","18:44:52","00:00:45","Green "
$F,33,"00:00:00","18:44:52","00:00:46","Green "
$J,"1","00:00:07.268","00:00:45.926"
$G,1,"1",7,"00:00:45.926"
$H,2,"1",6,"00:00:07.267"
$F,33,"00:00:00","18:44:53","00:00:46","Green "
$J,"2","00:00:07.340","00:00:46.649"
$G,2,"2",7,"00:00:46.649"
$H,1,"2",6,"00:00:07.256"
$F,33,"00:00:00","18:44:54","00:00:47","Green "
$F,33,"00:00:00","18:44:55","00:00:48","Green "
$F,33,"00:00:00","18:44:56","00:00:49","Green "
$F,33,"00:00:00","18:44:57","00:00:50","Green "
$F,33,"00:00:00","18:44:58","00:00:51","Green "
$F,33,"00:00:00","18:44:59","00:00:52","Green "
$F,33,"00:00:00","18:45:00","00:00:53","Green "
$F,32,"00:00:00","18:45:00","00:00:53","Green "
$J,"1","00:00:07.288","00:00:53.214"
$G,1,"1",8,"00:00:53.214"
$H,2,"1",6,"00:00:07.267"
$F,32,"00:00:00","18:45:00","00:00:54","Green "
$J,"2","00:00:07.208","00:00:53.857"
$G,2,"2",8,"00:00:53.857"
$H,1,"2",8,"00:00:07.208"
$F,32,"00:00:00","18:45:01","00:00:54","Green "
$F,32,"00:00:00","18:45:02","00:00:55","Green "
$F,32,"00:00:00","18:45:03","00:00:56","Green "
$F,32,"00:00:00","18:45:04","00:00:57","Green "
$F,32,"00:00:00","18:45:05","00:00:58","Green "
$F,32,"00:00:00","18:45:06","00:00:59","Green "
$F,32,"00:00:00","18:45:07","00:01:00","Green "
$F,31,"00:00:00","18:45:07","00:01:00","Green "
$J,"1","00:00:07.256","00:01:00.470"
$G,1,"1",9,"00:01:00.470"
$H,2,"1",9,"00:00:07.256"
$F,31,"00:00:00","18:45:07","00:01:01","Green "
$J,"2","00:00:07.230","00:01:01.087"
$G,2,"2",9,"00:01:01.087"
$H,1,"2",8,"00:00:07.208"
$F,31,"00:00:00","18:45:08","00:01:01","Green "
$F,31,"00:00:00","18:45:09","00:01:02","Green "
$F,31,"00:00:00","18:45:10","00:01:03","Green "
$F,31,"00:00:00","18:45:11","00:01:04","Green "
$F,31,"00:00:00","18:45:12","00:01:05","Green "
$F,31,"00:00:00","18:45:13","00:01:06","Green "
$F,31,"00:00:00","18:45:14","00:01:07","Green "
$F,30,"00:00:00","18:45:14","00:01:07","Green "
$J,"1","00:00:07.191","00:01:07.661"
$G,1,"1",10,"00:01:07.661"
$H,1,"1",10,"00:00:07.191"
$H,2,"2",8,"00:00:07.208"
$F,30,"00:00:00","18:45:15","00:01:08","Green "
$J,"2","00:00:07.278","00:01:08.365"
$G,2,"2",10,"00:01:08.365"
$H,2,"2",8,"00:00:07.208"
$F,30,"00:00:00","18:45:16","00:01:09","Green "
$F,30,"00:00:00","18:45:17","00:01:10","Green "
$F,30,"00:00:00","18:45:18","00:01:11","Green "
$F,30,"00:00:00","18:45:19","00:01:12","Green "
$F,30,"00:00:00","18:45:20","00:01:13","Green "
$F,30,"00:00:00","18:45:21","00:01:14","Green "
$F,29,"00:00:00","18:45:21","00:01:15","Green "
$J,"1","00:00:07.217","00:01:14.878"
$G,1,"1",11,"00:01:14.878"
$H,1,"1",10,"00:00:07.191"
$F,29,"00:00:00","18:45:22","00:01:15","Green "
$J,"2","00:00:07.338","00:01:15.703"
$G,2,"2",11,"00:01:15.703"
$H,2,"2",8,"00:00:07.208"
$F,29,"00:00:00","18:45:23","00:01:16","Green "
$F,29,"00:00:00","18:45:24","00:01:17","Green "
$F,29,"00:00:00","18:45:25","00:01:18","Green "
$F,29,"00:00:00","18:45:26","00:01:19","Green "
$F,29,"00:00:00","18:45:27","00:01:20","Green "
$F,29,"00:00:00","18:45:28","00:01:21","Green "
$F,28,"00:00:00","18:45:28","00:01:22","Green "
$J,"1","00:00:07.202","00:01:22.080"
$G,1,"1",12,"00:01:22.080"
$H,1,"1",10,"00:00:07.191"
$F,28,"00:00:00","18:45:29","00:01:22","Green "
$J,"2","00:00:07.288","00:01:22.991"
$G,2,"2",12,"00:01:22.991"
$H,2,"2",8,"00:00:07.208"
$F,28,"00:00:00","18:45:29","00:01:23","Green "
$F,28,"00:00:00","18:45:30","00:01:23","Green "
$F,28,"00:00:00","18:45:31","00:01:24","Green "
$F,28,"00:00:00","18:45:32","00:01:25","Green "
$F,28,"00:00:00","18:45:33","00:01:26","Green "
$F,28,"00:00:00","18:45:34","00:01:27","Green "
$F,28,"00:00:00","18:45:35","00:01:28","Green "
$F,28,"00:00:00","18:45:36","00:01:29","Green "
$F,27,"00:00:00","18:45:36","00:01:29","Green "
$J,"1","00:00:07.127","00:01:29.207"
$G,1,"1",13,"00:01:29.207"
$H,1,"1",13,"00:00:07.127"
$F,27,"00:00:00","18:45:37","00:01:30","Green "
$J,"2","00:00:07.283","00:01:30.274"
$G,2,"2",13,"00:01:30.274"
$H,2,"2",8,"00:00:07.208"
$F,27,"00:00:00","18:45:38","00:01:31","Green "
$F,27,"00:00:00","18:45:39","00:01:32","Green "
$F,27,"00:00:00","18:45:40","00:01:33","Green "
$F,27,"00:00:00","18:45:41","00:01:34","Green "
$F,27,"00:00:00","18:45:42","00:01:35","Green "
$F,27,"00:00:00","18:45:43","00:01:36","Green "
$F,26,"00:00:00","18:45:43","00:01:36","Green "
$J,"1","00:00:07.131","00:01:36.338"
$G,1,"1",14,"00:01:36.338"
$H,1,"1",13,"00:00:07.127"
$F,26,"00:00:00","18:45:44","00:01:37","Green "
$J,"2","00:00:07.272","00:01:37.546"
$G,2,"2",14,"00:01:37.546"
$H,2,"2",8,"00:00:07.208"
$F,26,"00:00:00","18:45:45","00:01:38","Green "
$F,26,"00:00:00","18:45:46","00:01:39","Green "
$F,26,"00:00:00","18:45:47","00:01:40","Green "
$F,26,"00:00:00","18:45:48","00:01:41","Green "
$F,26,"00:00:00","18:45:49","00:01:42","Green "
$F,26,"00:00:00","18:45:50","00:01:43","Green "
$F,25,"00:00:00","18:45:50","00:01:43","Green "
$J,"1","00:00:07.211","00:01:43.549"
$G,1,"1",15,"00:01:43.549"
$H,1,"1",13,"00:00:07.127"
$F,25,"00:00:00","18:45:51","00:01:44","Green "
$J,"2","00:00:07.265","00:01:44.811"
$G,2,"2",15,"00:01:44.811"
$H,2,"2",8,"00:00:07.208"
$F,25,"00:00:00","18:45:52","00:01:45","Green "
$F,25,"00:00:00","18:45:53","00:01:46","Green "
$F,25,"00:00:00","18:45:54","00:01:47","Green "
$F,25,"00:00:00","18:45:55","00:01:48","Green "
$F,25,"00:00:00","18:45:56","00:01:49","Green "
$F,25,"00:00:00","18:45:57","00:01:50","Green "
$F,24,"00:00:00","18:45:57","00:01:50","Green "
$J,"1","00:00:07.172","00:01:50.721"
$G,1,"1",16,"00:01:50.721"
$H,1,"1",13,"00:00:07.127"
$F,24,"00:00:00","18:45:58","00:01:51","Green "
$J,"2","00:00:07.208","00:01:52.019"
$G,2,"2",16,"00:01:52.019"
$H,2,"2",8,"00:00:07.208"
$F,24,"00:00:00","18:45:59","00:01:52","Green "
$F,24,"00:00:00","18:46:00","00:01:53","Green "
$F,24,"00:00:00","18:46:01","00:01:54","Green "
$F,24,"00:00:00","18:46:02","00:01:55","Green "
$F,24,"00:00:00","18:46:03","00:01:56","Green "
$F,24,"00:00:00","18:46:04","00:01:57","Green "
$F,24,"00:00:00","18:46:05","00:01:58","Green "
$F,23,"00:00:00","18:46:05","00:01:58","Green "
$J,"1","00:00:07.535","00:01:58.256"
$G,1,"1",17,"00:01:58.256"
$H,1,"1",13,"00:00:07.127"
$F,23,"00:00:00","18:46:06","00:01:59","Green "
$J,"2","00:00:07.201","00:01:59.220"
$G,2,"2",17,"00:01:59.220"
$H,2,"2",17,"00:00:07.201"
$F,23,"00:00:00","18:46:07","00:02:00","Green "
$F,23,"00:00:00","18:46:08","00:02:01","Green "
$F,23,"00:00:00","18:46:09","00:02:02","Green "
$F,23,"00:00:00","18:46:10","00:02:03","Green "
$F,23,"00:00:00","18:46:11","00:02:04","Green "
$F,23,"00:00:00","18:46:12","00:02:05","Green "
$F,22,"00:00:00","18:46:12","00:02:05","Green "
$J,"1","00:00:07.178","00:02:05.434"
$G,1,"1",18,"00:02:05.434"
$H,1,"1",13,"00:00:07.127"
$F,22,"00:00:00","18:46:13","00:02:06","Green "
$J,"2","00:00:07.170","00:02:06.390"
$G,2,"2",18,"00:02:06.390"
$H,2,"2",18,"00:00:07.170"
$F,22,"00:00:00","18:46:14","00:02:07","Green "
$F,22,"00:00:00","18:46:15","00:02:08","Green "
$F,22,"00:00:00","18:46:16","00:02:09","Green "
$F,22,"00:00:00","18:46:17","00:02:10","Green "
$F,22,"00:00:00","18:46:18","00:02:11","Green "
$F,22,"00:00:00","18:46:19","00:02:12","Green "
$F,21,"00:00:00","18:46:19","00:02:12","Green "
$J,"1","00:00:07.159","00:02:12.593"
$G,1,"1",19,"00:02:12.593"
$H,1,"1",13,"00:00:07.127"
$F,21,"00:00:00","18:46:20","00:02:13","Green "
$J,"2","00:00:07.201","00:02:13.591"
$G,2,"2",19,"00:02:13.591"
$H,2,"2",18,"00:00:07.170"
$F,21,"00:00:00","18:46:21","00:02:14","Green "
$F,21,"00:00:00","18:46:22","00:02:15","Green "
$F,21,"00:00:00","18:46:23","00:02:16","Green "
$F,21,"00:00:00","18:46:24","00:02:17","Green "
$F,21,"00:00:00","18:46:25","00:02:18","Green "
$F,21,"00:00:00","18:46:26","00:02:19","Green "
$F,20,"00:00:00","18:46:26","00:02:19","Green "
$J,"1","00:00:07.154","00:02:19.747"
$G,1,"1",20,"00:02:19.747"
$H,1,"1",13,"00:00:07.127"
$F,20,"00:00:00","18:46:27","00:02:20","Green "
$J,"2","00:00:07.134","00:02:20.725"
$G,2,"2",20,"00:02:20.725"
$H,2,"2",20,"00:00:07.134"
$F,20,"00:00:00","18:46:28","00:02:21","Green "
$F,20,"00:00:00","18:46:29","00:02:22","Green "
$F,20,"00:00:00","18:46:30","00:02:23","Green "
$F,20,"00:00:00","18:46:31","00:02:24","Green "
$F,20,"00:00:00","18:46:32","00:02:25","Green "
$F,20,"00:00:00","18:46:33","00:02:26","Green "
$F,19,"00:00:00","18:46:33","00:02:27","Green "
$J,"1","00:00:07.135","00:02:26.882"
$G,1,"1",21,"00:02:26.882"
$H,1,"1",13,"00:00:07.127"
$F,19,"00:00:00","18:46:34","00:02:27","Green "
$J,"2","00:00:07.175","00:02:27.900"
$G,2,"2",21,"00:02:27.900"
$H,2,"2",20,"00:00:07.134"
$F,19,"00:00:00","18:46:34","00:02:28","Green "
$F,19,"00:00:00","18:46:35","00:02:28","Green "
$F,19,"00:00:00","18:46:36","00:02:29","Green "
$F,19,"00:00:00","18:46:37","00:02:30","Green "
$F,19,"00:00:00","18:46:38","00:02:31","Green "
$F,19,"00:00:00","18:46:39","00:02:32","Green "
$F,19,"00:00:00","18:46:40","00:02:33","Green "
$F,19,"00:00:00","18:46:41","00:02:34","Green "
$F,18,"00:00:00","18:46:41","00:02:34","Green "
$J,"1","00:00:07.343","00:02:34.225"
$G,1,"1",22,"00:02:34.225"
$H,1,"1",13,"00:00:07.127"
$J,"2","00:00:07.231","00:02:35.131"
$G,2,"2",22,"00:02:35.131"
$H,2,"2",20,"00:00:07.134"
$F,18,"00:00:00","18:46:42","00:02:35","Green "
$F,18,"00:00:00","18:46:43","00:02:36","Green "
$F,18,"00:00:00","18:46:44","00:02:37","Green "
$F,18,"00:00:00","18:46:45","00:02:38","Green "
$F,18,"00:00:00","18:46:46","00:02:39","Green "
$F,18,"00:00:00","18:46:47","00:02:40","Green "
$F,18,"00:00:00","18:46:48","00:02:41","Green "
$F,17,"00:00:00","18:46:48","00:02:41","Green "
$J,"1","00:00:07.142","00:02:41.367"
$G,1,"1",23,"00:02:41.367"
$H,1,"1",13,"00:00:07.127"
$F,17,"00:00:00","18:46:49","00:02:42","Green "
$J,"2","00:00:07.148","00:02:42.279"
$G,2,"2",23,"00:02:42.279"
$H,2,"2",20,"00:00:07.134"
$F,17,"00:00:00","18:46:50","00:02:43","Green "
$F,17,"00:00:00","18:46:51","00:02:44","Green "
$F,17,"00:00:00","18:46:52","00:02:45","Green "
$F,17,"00:00:00","18:46:53","00:02:46","Green "
$F,17,"00:00:00","18:46:54","00:02:47","Green "
$F,17,"00:00:00","18:46:55","00:02:48","Green "
$F,16,"00:00:00","18:46:55","00:02:48","Green "
$J,"1","00:00:07.133","00:02:48.500"
$G,1,"1",24,"00:02:48.500"
$H,1,"1",13,"00:00:07.127"
$F,16,"00:00:00","18:46:56","00:02:49","Green "
$J,"2","00:00:07.242","00:02:49.521"
$G,2,"2",24,"00:02:49.521"
$H,2,"2",20,"00:00:07.134"
$F,16,"00:00:00","18:46:57","00:02:50","Green "
$F,16,"00:00:00","18:46:58","00:02:51","Green "
$F,16,"00:00:00","18:46:59","00:02:52","Green "
$F,16,"00:00:00","18:47:00","00:02:53","Green "
$F,16,"00:00:00","18:47:01","00:02:54","Green "
$F,16,"00:00:00","18:47:02","00:02:55","Green "
$F,15,"00:00:00","18:47:02","00:02:55","Green "
$J,"1","00:00:07.155","00:02:55.655"
$G,1,"1",25,"00:02:55.655"
$H,1,"1",13,"00:00:07.127"
$F,15,"00:00:00","18:47:03","00:02:56","Green "
$J,"2","00:00:07.302","00:02:56.823"
$G,2,"2",25,"00:02:56.823"
$H,2,"2",20,"00:00:07.134"
$F,15,"00:00:00","18:47:04","00:02:57","Green "
$F,15,"00:00:00","18:47:05","00:02:58","Green "
$F,15,"00:00:00","18:47:06","00:02:59","Green "
$F,15,"00:00:00","18:47:07","00:03:00","Green "
$F,15,"00:00:00","18:47:08","00:03:01","Green "
$F,15,"00:00:00","18:47:09","00:03:02","Green "
$F,14,"00:00:00","18:47:09","00:03:03","Green "
$J,"1","00:00:07.191","00:03:02.846"
$G,1,"1",26,"00:03:02.846"
$H,1,"1",13,"00:00:07.127"
$F,14,"00:00:00","18:47:10","00:03:03","Green "
$J,"2","00:00:07.211","00:03:04.034"
$G,2,"2",26,"00:03:04.034"
$H,2,"2",20,"00:00:07.134"
$F,14,"00:00:00","18:47:11","00:03:04","Green "
$F,14,"00:00:00","18:47:12","00:03:05","Green "
$F,14,"00:00:00","18:47:13","00:03:06","Green "
$F,14,"00:00:00","18:47:14","00:03:07","Green "
$F,14,"00:00:00","18:47:15","00:03:08","Green "
$F,14,"00:00:00","18:47:16","00:03:09","Green "
$F,13,"00:00:00","18:47:17","00:03:10","Green "
$J,"1","00:00:07.225","00:03:10.071"
$G,1,"1",27,"00:03:10.071"
$H,1,"1",13,"00:00:07.127"
$F,13,"00:00:00","18:47:18","00:03:11","Green "
$J,"2","00:00:07.203","00:03:11.237"
$G,2,"2",27,"00:03:11.237"
$H,2,"2",20,"00:00:07.134"
$F,13,"00:00:00","18:47:19","00:03:12","Green "
$F,13,"00:00:00","18:47:20","00:03:13","Green "
$F,13,"00:00:00","18:47:21","00:03:14","Green "
$F,13,"00:00:00","18:47:22","00:03:15","Green "
$F,13,"00:00:00","18:47:23","00:03:16","Green "
$F,12,"00:00:00","18:47:24","00:03:17","Green "
$J,"1","00:00:07.097","00:03:17.168"
$G,1,"1",28,"00:03:17.168"
$H,1,"1",28,"00:00:07.097"
$F,12,"00:00:00","18:47:25","00:03:18","Green "
$J,"2","00:00:07.237","00:03:18.474"
$G,2,"2",28,"00:03:18.474"
$H,2,"2",20,"00:00:07.134"
$F,12,"00:00:00","18:47:26","00:03:19","Green "
$F,12,"00:00:00","18:47:27","00:03:20","Green "
$F,12,"00:00:00","18:47:28","00:03:21","Green "
$F,12,"00:00:00","18:47:29","00:03:22","Green "
$F,12,"00:00:00","18:47:30","00:03:23","Green "
$F,12,"00:00:00","18:47:31","00:03:24","Green "
$F,11,"00:00:00","18:47:31","00:03:24","Green "
$J,"1","00:00:07.139","00:03:24.307"
$G,1,"1",29,"00:03:24.307"
$H,1,"1",28,"00:00:07.097"
$F,11,"00:00:00","18:47:32","00:03:25","Green "
$J,"2","00:00:07.194","00:03:25.668"
$G,2,"2",29,"00:03:25.668"
$H,2,"2",20,"00:00:07.134"
$F,11,"00:00:00","18:47:33","00:03:26","Green "
$F,11,"00:00:00","18:47:34","00:03:27","Green "
$F,11,"00:00:00","18:47:35","00:03:28","Green "
$F,11,"00:00:00","18:47:36","00:03:29","Green "
$F,11,"00:00:00","18:47:37","00:03:30","Green "
$F,11,"00:00:00","18:47:38","00:03:31","Green "
$F,10,"00:00:00","18:47:38","00:03:31","Green "
$J,"1","00:00:07.086","00:03:31.393"
$G,1,"1",30,"00:03:31.393"
$H,1,"1",30,"00:00:07.086"
$F,10,"00:00:00","18:47:39","00:03:32","Green "
$J,"2","00:00:07.160","00:03:32.828"
$G,2,"2",30,"00:03:32.828"
$H,2,"2",20,"00:00:07.134"
$F,10,"00:00:00","18:47:39","00:03:33","Green "
$F,10,"00:00:00","18:47:40","00:03:33","Green "
$F,10,"00:00:00","18:47:41","00:03:34","Green "
$F,10,"00:00:00","18:47:42","00:03:35","Green "
$F,10,"00:00:00","18:47:43","00:03:36","Green "
$F,10,"00:00:00","18:47:44","00:03:37","Green "
$F,10,"00:00:00","18:47:45","00:03:38","Green "
$F,9,"00:00:00","18:47:45","00:03:38","Green "
$J,"1","00:00:07.105","00:03:38.498"
$G,1,"1",31,"00:03:38.498"
$H,1,"1",30,"00:00:07.086"
$F,9,"00:00:00","18:47:46","00:03:39","Green "
$J,"2","00:00:07.211","00:03:40.039"
$G,2,"2",31,"00:03:40.039"
$H,2,"2",20,"00:00:07.134"
$F,9,"00:00:00","18:47:47","00:03:40","Green "
$F,9,"00:00:00","18:47:48","00:03:41","Green "
$F,9,"00:00:00","18:47:49","00:03:42","Green "
$F,9,"00:00:00","18:47:50","00:03:43","Green "
$F,9,"00:00:00","18:47:51","00:03:44","Green "
$F,9,"00:00:00","18:47:52","00:03:45","Green "
$F,8,"00:00:00","18:47:52","00:03:45","Green "
$J,"1","00:00:07.116","00:03:45.614"
$G,1,"1",32,"00:03:45.614"
$H,1,"1",30,"00:00:07.086"
$F,8,"00:00:00","18:47:53","00:03:46","Green "
$F,8,"00:00:00","18:47:54","00:03:47","Green "
$J,"2","00:00:07.174","00:03:47.213"
$G,2,"2",32,"00:03:47.213"
$H,2,"2",20,"00:00:07.134"
$F,8,"00:00:00","18:47:55","00:03:48","Green "
$F,8,"00:00:00","18:47:56","00:03:49","Green "
$F,8,"00:00:00","18:47:57","00:03:50","Green "
$F,8,"00:00:00","18:47:58","00:03:51","Green "
$F,8,"00:00:00","18:47:59","00:03:52","Green "
$F,7,"00:00:00","18:47:59","00:03:52","Green "
$J,"1","00:00:07.131","00:03:52.745"
$G,1,"1",33,"00:03:52.745"
$H,1,"1",30,"00:00:07.086"
$F,7,"00:00:00","18:48:00","00:03:53","Green "
$F,7,"00:00:00","18:48:01","00:03:54","Green "
$J,"2","00:00:07.220","00:03:54.433"
$G,2,"2",33,"00:03:54.433"
$H,2,"2",20,"00:00:07.134"
$F,7,"00:00:00","18:48:02","00:03:55","Green "
$F,7,"00:00:00","18:48:03","00:03:56","Green "
$F,7,"00:00:00","18:48:04","00:03:57","Green "
$F,7,"00:00:00","18:48:05","00:03:58","Green "
$F,7,"00:00:00","18:48:06","00:03:59","Green "
$F,6,"00:00:00","18:48:06","00:03:59","Green "
$J,"1","00:00:07.064","00:03:59.809"
$G,1,"1",34,"00:03:59.809"
$H,1,"1",34,"00:00:07.064"
$F,6,"00:00:00","18:48:06","00:04:00","Green "
$F,6,"00:00:00","18:48:07","00:04:00","Green "
$F,6,"00:00:00","18:48:08","00:04:01","Green "
$J,"2","00:00:07.147","00:04:01.580"
$G,2,"2",34,"00:04:01.580"
$H,2,"2",20,"00:00:07.134"
$F,6,"00:00:00","18:48:09","00:04:02","Green "
$F,6,"00:00:00","18:48:10","00:04:03","Green "
$F,6,"00:00:00","18:48:11","00:04:04","Green "
$F,6,"00:00:00","18:48:12","00:04:05","Green "
$F,6,"00:00:00","18:48:13","00:04:06","Green "
$F,5,"00:00:00","18:48:13","00:04:07","Green "
$J,"1","00:00:07.151","00:04:06.960"
$G,1,"1",35,"00:04:06.960"
$H,1,"1",34,"00:00:07.064"
$F,5,"00:00:00","18:48:14","00:04:07","Green "
$F,5,"00:00:00","18:48:15","00:04:08","Green "
$J,"2","00:00:07.244","00:04:08.824"
$G,2,"2",35,"00:04:08.824"
$H,2,"2",20,"00:00:07.134"
$F,5,"00:00:00","18:48:15","00:04:09","Green "
$F,5,"00:00:00","18:48:16","00:04:09","Green "
$F,5,"00:00:00","18:48:17","00:04:10","Green "
$F,5,"00:00:00","18:48:18","00:04:11","Green "
$F,5,"00:00:00","18:48:19","00:04:12","Green "
$F,5,"00:00:00","18:48:20","00:04:13","Green "
$F,4,"00:00:00","18:48:20","00:04:14","Green "
$J,"1","00:00:07.078","00:04:14.038"
$G,1,"1",36,"00:04:14.038"
$H,1,"1",34,"00:00:07.064"
$F,4,"00:00:00","18:48:21","00:04:14","Green "
$F,4,"00:00:00","18:48:22","00:04:15","Green "
$J,"2","00:00:07.210","00:04:16.034"
$G,2,"2",36,"00:04:16.034"
$H,2,"2",20,"00:00:07.134"
$F,4,"00:00:00","18:48:23","00:04:16","Green "
$F,4,"00:00:00","18:48:24","00:04:17","Green "
$F,4,"00:00:00","18:48:25","00:04:18","Green "
$F,4,"00:00:00","18:48:26","00:04:19","Green "
$F,4,"00:00:00","18:48:27","00:04:20","Green "
$F,3,"00:00:00","18:48:28","00:04:21","Green "
$J,"1","00:00:07.100","00:04:21.138"
$G,1,"1",37,"00:04:21.138"
$H,1,"1",34,"00:00:07.064"
$F,3,"00:00:00","18:48:29","00:04:22","Green "
$F,3,"00:00:00","18:48:30","00:04:23","Green "
$J,"2","00:00:07.245","00:04:23.279"
$G,2,"2",37,"00:04:23.279"
$H,2,"2",20,"00:00:07.134"
$F,3,"00:00:00","18:48:31","00:04:24","Green "
$F,3,"00:00:00","18:48:32","00:04:25","Green "
$F,3,"00:00:00","18:48:33","00:04:26","Green "
$F,3,"00:00:00","18:48:34","00:04:27","Green "
$F,3,"00:00:00","18:48:35","00:04:28","Green "
$F,2,"00:00:00","18:48:35","00:04:28","Green "
$J,"1","00:00:07.151","00:04:28.289"
$G,1,"1",38,"00:04:28.289"
$H,1,"1",34,"00:00:07.064"
$F,2,"00:00:00","18:48:36","00:04:29","Green "
$F,2,"00:00:00","18:48:37","00:04:30","Green "
$J,"2","00:00:07.242","00:04:30.521"
$G,2,"2",38,"00:04:30.521"
$H,2,"2",20,"00:00:07.134"
$F,2,"00:00:00","18:48:38","00:04:31","Green "
$F,2,"00:00:00","18:48:39","00:04:32","Green "
$F,2,"00:00:00","18:48:40","00:04:33","Green "
$F,2,"00:00:00","18:48:41","00:04:34","Green "
$F,2,"00:00:00","18:48:42","00:04:35","Green "
$F,1,"00:00:00","18:48:42","00:04:35","Green "
$J,"1","00:00:07.254","00:04:35.543"
$G,1,"1",39,"00:04:35.543"
$H,1,"1",34,"00:00:07.064"
$F,1,"00:00:00","18:48:43","00:04:36","Green "
$F,1,"00:00:00","18:48:44","00:04:37","Green "
$J,"2","00:00:07.217","00:04:37.738"
$G,2,"2",39,"00:04:37.738"
$H,2,"2",20,"00:00:07.134"
$F,1,"00:00:00","18:48:45","00:04:38","Green "
$F,1,"00:00:00","18:48:46","00:04:39","Green "
$F,1,"00:00:00","18:48:47","00:04:40","Green "
$F,1,"00:00:00","18:48:48","00:04:41","Green "
$F,1,"00:00:00","18:48:49","00:04:42","Green "
$F,0,"00:00:00","18:48:49","00:04:42","Green "
$J,"1","00:00:07.052","00:04:42.595"
$G,1,"1",40,"00:04:42.595"
$H,1,"1",40,"00:00:07.052"
$F,9999,"00:00:00","18:48:50","00:04:43","Finish"
$F,9999,"00:00:00","18:48:51","00:04:44","Finish"
$J,"2","00:00:07.185","00:04:44.923"
$G,2,"2",40,"00:04:44.923"
$H,2,"2",20,"00:00:07.134"
$F,9999,"00:00:00","18:48:51","00:04:45","Finish"
$F,9999,"00:00:00","18:48:52","00:04:45","Finish"
$F,9999,"00:00:00","18:48:53","00:04:46","Finish"
$F,9999,"00:00:00","18:48:54","00:04:47","Finish"
$F,9999,"00:00:00","18:48:55","00:04:48","Finish"
$F,9999,"00:00:00","18:48:56","00:04:49","Finish"
$F,9999,"00:00:00","18:48:57","00:04:50","Finish"
$F,9999,"00:00:00","18:48:58","00:04:51","Finish"
$J,"1","00:00:09.125","00:04:42.595"
$G,1,"1",40,"00:04:42.595"
$H,1,"1",40,"00:00:07.052"
$F,9999,"00:00:00","18:48:59","00:04:52","Finish"
$F,9999,"00:00:00","18:49:00","00:04:53","Finish"
$F,9999,"00:00:00","18:49:01","00:04:54","Finish"
$F,9999,"00:00:00","18:49:02","00:04:55","Finish"
$F,9999,"00:00:00","18:49:03","00:04:56","Finish"
$F,9999,"00:00:00","18:49:04","00:04:57","Finish"
$F,9999,"00:00:00","18:49:05","00:04:58","Finish"
$F,9999,"00:00:00","18:49:06","00:04:59","Finish"
$F,9999,"00:00:00","18:49:07","00:05:00","Finish"
$F,9999,"00:00:00","18:49:08","00:05:01","Finish"
$F,9999,"00:00:00","18:49:09","00:05:02","Finish"
$F,9999,"00:00:00","18:49:10","00:05:03","Finish"
$F,9999,"00:00:00","18:49:11","00:05:04","Finish"
$J,"1","00:00:12.519","00:04:42.595"
$G,1,"1",40,"00:04:42.595"
$H,1,"1",40,"00:00:07.052"
$F,9999,"00:00:00","18:49:12","00:05:05","Finish"
$F,9999,"00:00:00","18:49:13","00:05:06","Finish"
$F,9999,"00:00:00","18:49:14","00:05:07","Finish"
$F,9999,"00:00:00","18:49:15","00:05:08","Finish"
$B,95,"A Feature 1"
$F,0,"00:00:00","18:49:15","00:00:00","      "
$F,0,"00:00:00","18:49:16","00:00:00","      "
$F,0,"00:00:00","18:49:17","00:00:00","      "
$F,0,"00:00:00","18:50:14","00:00:00","      "
$F,0,"00:00:00","18:50:15","00:00:00","      "
$H,1,"1",40,"00:00:07.052"
$H,2,"2",20,"00:00:07.134"
$H,3,"2",0,"00:00:00.000"
$G,1,"1",40,"00:04:42.595"
$G,2,"2",40,"00:04:44.923"
$B,95,"A Feature 1"
$A,"2","2",14287310,"Mallory","Detwiler","",1
$A,"1","1",B7,"Cameron","Taylor","",1
$COMP,"2","2",1,"Mallory","Detwiler","",""
$COMP,"1","1",1,"Cameron","Taylor","",""
$C,1,"Heavy World Formula"
$E,"TRACKNAME","HQMA"
$E,"TRACKLENGTH","0.080"
$F,0,"00:00:00","18:50:16","00:00:00","      "
$F,0,"00:00:00","18:50:17","00:00:00","      "
$F,0,"00:00:00","18:50:18","00:00:00","      "
$F,0,"00:00:00","18:50:19","00:00:00","      "
$F,0,"00:00:00","18:50:20","00:00:00","      "
$F,0,"00:00:00","18:50:21","00:00:00","      "
$F,0,"00:00:00","18:50:22","00:00:00","      "
$F,0,"00:00:00","18:50:23","00:00:00","      "
$F,0,"00:00:00","18:50:24","00:00:00","      "
$F,0,"00:00:00","18:50:25","00:00:00","      "
$F,0,"00:00:00","18:50:26","00:00:00","      "
$F,0,"00:00:00","18:50:27","00:00:00","      "
$F,0,"00:00:00","18:50:28","00:00:00","      "
$F,0,"00:00:00","18:50:29","00:00:00","      "
$F,0,"00:00:00","18:50:30","00:00:00","      "
$F,0,"00:00:00","18:50:31","00:00:00","      "
$F,0,"00:00:00","18:50:32","00:00:00","      "
$F,0,"00:00:00","18:50:33","00:00:00","      "
$F,0,"00:00:00","18:50:34","00:00:00","      "
$F,0,"00:00:00","18:50:35","00:00:00","      "
$F,0,"00:00:00","18:50:36","00:00:00","      "
$F,0,"00:00:00","18:50:37","00:00:00","      "
$F,0,"00:00:00","18:50:38","00:00:00","      "
$F,0,"00:00:00","18:50:39","00:00:00","      "
$F,0,"00:00:00","18:50:40","00:00:00","      "
$F,0,"00:00:00","18:50:41","00:00:00","      "
$F,0,"00:00:00","18:50:42","00:00:00","      "
$F,0,"00:00:00","18:50:43","00:00:00","      "
$F,0,"00:00:00","18:50:44","00:00:00","      "
$F,0,"00:00:00","18:50:45","00:00:00","      "
$F,0,"00:00:00","18:50:46","00:00:00","      "
$F,0,"00:00:00","18:50:47","00:00:00","      "
$F,0,"00:00:00","18:50:48","00:00:00","      "
$F,0,"00:00:00","18:50:49","00:00:00","      "
$F,0,"00:00:00","18:50:50","00:00:00","      "
$F,0,"00:00:00","18:50:51","00:00:00","      "
$F,0,"00:00:00","18:50:52","00:00:00","      "
$F,0,"00:00:00","18:50:53","00:00:00","      "
$F,0,"00:00:00","18:50:54","00:00:00","      "
$F,0,"00:00:00","18:50:55","00:00:00","      "
$F,0,"00:00:00","18:50:56","00:00:00","      "
$F,0,"00:00:00","18:50:57","00:00:00","      "
$F,0,"00:00:00","18:50:58","00:00:00","      "
$F,0,"00:00:00","18:50:59","00:00:00","      "
$F,0,"00:00:00","18:51:00","00:00:00","      "
$F,0,"00:00:00","18:51:01","00:00:00","      "
$F,0,"00:00:00","18:51:02","00:00:00","      "
$F,0,"00:00:00","18:51:03","00:00:00","      "
$F,0,"00:00:00","18:51:04","00:00:00","      "
$F,0,"00:00:00","18:51:05","00:00:00","      "
$F,0,"00:00:00","18:51:06","00:00:00","      "
$F,0,"00:00:00","18:51:07","00:00:00","      "
$F,0,"00:00:00","18:51:08","00:00:00","      "
$F,0,"00:00:00","18:51:09","00:00:00","      "
$F,0,"00:00:00","18:51:10","00:00:00","      "
$F,0,"00:00:00","18:51:11","00:00:00","      "
$F,0,"00:00:00","18:51:12","00:00:00","      "
$F,0,"00:00:00","18:51:13","00:00:00","      "
$F,0,"00:00:00","18:51:14","00:00:00","      "
$F,0,"00:00:00","18:51:15","00:00:00","      "
$F,0,"00:00:00","18:51:16","00:00:00","      "
$F,0,"00:00:00","18:51:17","00:00:00","      "
$H,1,"1",40,"00:00:07.052"
$H,2,"2",20,"00:00:07.134"
$H,3,"2",0,"00:00:00.000"
$G,1,"1",40,"00:04:42.595"
$G,2,"2",40,"00:04:44.923"
$B,95,"A Feature 1"
$A,"2","2",14287310,"Mallory","Detwiler","",1
$A,"1","1",B7,"Cameron","Taylor","",1
$COMP,"2","2",1,"Mallory","Detwiler","",""
$COMP,"1","1",1,"Cameron","Taylor","",""
$C,1,"Heavy World Formula"
$E,"TRACKNAME","HQMA"
$E,"TRACKLENGTH","0.080"
$F,0,"00:00:00","18:51:18","00:00:00","      "
$F,0,"00:00:00","18:51:19","00:00:00","      "
$F,0,"00:00:00","18:51:20","00:00:00","      "
$F,0,"00:00:00","18:51:21","00:00:00","      "

