$B,84,"A Feature 1"
$C,1,"Heavy World Formula"
$A,"1","1",11010001,"Noah","Bennett","",1
$A,"2","2",11010002,"Eli","Carver","",1
$A,"3","3",11010003,"Mason","Drake","",1
$A,"4","4",11010004,"Owen","Foster","",1
$A,"5","5",11010005,"Luca","Hayes","",1
$A,"6","6",11010006,"Cole","Mercer","",1
$A,"7","7",11010007,"Jude","Parker","",1
$A,"8","8",11010008,"Rory","Quinn","",1
$COMP,"1","1",1,"Noah","Bennett","",""
$COMP,"2","2",1,"Eli","Carver","",""
$COMP,"3","3",1,"Mason","Drake","",""
$COMP,"4","4",1,"Owen","Foster","",""
$COMP,"5","5",1,"Luca","Hayes","",""
$COMP,"6","6",1,"Cole","Mercer","",""
$COMP,"7","7",1,"Jude","Parker","",""
$COMP,"8","8",1,"Rory","Quinn","",""
$E,"TRACKNAME","HQMA"
$E,"TRACKLENGTH","0.080"
$G,1,"1",,"00:00:00.000"
$G,2,"2",,"00:00:00.000"
$G,3,"3",,"00:00:00.000"
$G,4,"4",,"00:00:00.000"
$G,5,"5",,"00:00:00.000"
$G,6,"6",,"00:00:00.000"
$G,7,"7",,"00:00:00.000"
$G,8,"8",,"00:00:00.000"
$H,1,"1",0,"00:00:00.000"
$H,2,"2",0,"00:00:00.000"
$H,3,"3",0,"00:00:00.000"
$H,4,"4",0,"00:00:00.000"
$H,5,"5",0,"00:00:00.000"
$H,6,"6",0,"00:00:00.000"
$H,7,"7",0,"00:00:00.000"
$H,8,"8",0,"00:00:00.000"
$F,40,"00:00:00","18:44:03","00:00:00","Green "
$F,40,"00:00:00","18:44:04","00:00:01","Green "
$F,40,"00:00:00","18:44:05","00:00:02","Green "
$F,40,"00:00:00","18:44:06","00:00:03","Green "
$F,40,"00:00:00","18:44:07","00:00:04","Green "
$F,40,"00:00:00","18:44:08","00:00:05","Green "
$F,40,"00:00:00","18:44:09","00:00:06","Green "
$F,40,"00:00:00","18:44:10","00:00:07","Green "
$F,40,"00:00:00","18:44:11","00:00:08","Green "
$J,"1","00:00:07.314","00:00:07.314"
$G,1,"1",1,"00:00:07.314"
$H,1,"1",1,"00:00:07.314"
$J,"2","00:00:07.421","00:00:07.421"
$G,2,"2",1,"00:00:07.421"
$H,2,"2",1,"00:00:07.421"
$J,"3","00:00:07.536","00:00:07.536"
$G,3,"3",1,"00:00:07.536"
$H,3,"3",1,"00:00:07.536"
$J,"4","00:00:07.624","00:00:07.624"
$G,4,"4",1,"00:00:07.624"
$H,4,"4",1,"00:00:07.624"
$J,"8","00:00:07.688","00:00:07.688"
$G,5,"8",1,"00:00:07.688"
$H,5,"8",1,"00:00:07.688"
$J,"5","00:00:07.711","00:00:07.711"
$G,6,"5",1,"00:00:07.711"
$H,6,"5",1,"00:00:07.711"
$J,"6","00:00:07.842","00:00:07.842"
$G,7,"6",1,"00:00:07.842"
$H,7,"6",1,"00:00:07.842"
$F,39,"00:00:00","18:44:12","00:00:09","Green "
$J,"7","00:00:08.014","00:00:08.014"
$G,8,"7",1,"00:00:08.014"
$H,8,"7",1,"00:00:08.014"
$F,39,"00:00:00","18:44:13","00:00:10","Green "
$F,39,"00:00:00","18:44:14","00:00:11","Green "
$F,39,"00:00:00","18:44:15","00:00:12","Green "
$F,39,"00:00:00","18:44:16","00:00:13","Green "
$F,39,"00:00:00","18:44:17","00:00:14","Green "
$F,39,"00:00:00","18:44:18","00:00:15","Green "
$J,"1","00:00:07.226","00:00:14.540"
$G,1,"1",2,"00:00:14.540"
$H,1,"1",2,"00:00:07.226"
$J,"2","00:00:07.356","00:00:14.777"
$G,2,"2",2,"00:00:14.777"
$H,2,"2",2,"00:00:07.356"
$F,38,"00:00:00","18:44:19","00:00:16","Green "
$J,"3","00:00:07.482","00:00:15.018"
$G,3,"3",2,"00:00:15.018"
$H,3,"3",2,"00:00:07.482"
$J,"4","00:00:07.588","00:00:15.212"
$G,4,"4",2,"00:00:15.212"
$H,4,"4",2,"00:00:07.588"
$J,"8","00:00:07.651","00:00:15.339"
$G,5,"8",2,"00:00:15.339"
$H,5,"8",2,"00:00:07.651"
$J,"5","00:00:07.684","00:00:15.395"
$G,6,"5",2,"00:00:15.395"
$H,6,"5",2,"00:00:07.684"
$J,"6","00:00:07.808","00:00:15.650"
$G,7,"6",2,"00:00:15.650"
$H,7,"6",2,"00:00:07.808"
$F,38,"00:00:00","18:44:20","00:00:17","Green "
$J,"7","00:00:07.988","00:00:16.002"
$G,8,"7",2,"00:00:16.002"
$H,8,"7",2,"00:00:07.988"
$F,38,"00:00:00","18:44:21","00:00:18","Green "
$F,38,"00:00:00","18:44:22","00:00:19","Green "
$F,38,"00:00:00","18:44:23","00:00:20","Green "
$F,38,"00:00:00","18:44:24","00:00:21","Green "
$F,38,"00:00:00","18:44:25","00:00:22","Green "
$J,"1","00:00:07.188","00:00:21.728"
$G,1,"1",3,"00:00:21.728"
$H,1,"1",3,"00:00:07.188"
$F,37,"00:00:00","18:44:26","00:00:23","Green "
$J,"2","00:00:07.341","00:00:22.118"
$G,2,"2",3,"00:00:22.118"
$H,2,"2",3,"00:00:07.341"
$J,"3","00:00:07.461","00:00:22.479"
$G,3,"3",3,"00:00:22.479"
$H,3,"3",3,"00:00:07.461"
$J,"4","00:00:07.556","00:00:22.768"
$G,4,"4",3,"00:00:22.768"
$H,4,"4",3,"00:00:07.556"
$J,"8","00:00:07.626","00:00:22.965"
$G,5,"8",3,"00:00:22.965"
$H,5,"8",3,"00:00:07.626"
$F,37,"00:00:00","18:44:27","00:00:24","Green "
$J,"5","00:00:07.651","00:00:23.046"
$G,6,"5",3,"00:00:23.046"
$H,6,"5",3,"00:00:07.651"
$J,"6","00:00:07.781","00:00:23.431"
$G,7,"6",3,"00:00:23.431"
$H,7,"6",3,"00:00:07.781"
$J,"7","00:00:07.954","00:00:23.956"
$G,8,"7",3,"00:00:23.956"
$H,8,"7",3,"00:00:07.954"
$F,37,"00:00:00","18:44:28","00:00:25","Green "
$F,37,"00:00:00","18:44:29","00:00:26","Green "
$F,37,"00:00:00","18:44:30","00:00:27","Green "
$F,37,"00:00:00","18:44:31","00:00:28","Green "
$F,37,"00:00:00","18:44:32","00:00:29","Green "
$J,"1","00:00:07.171","00:00:28.899"
$G,1,"1",4,"00:00:28.899"
$H,1,"1",4,"00:00:07.171"
$F,36,"00:00:00","18:44:33","00:00:30","Green "
$J,"2","00:00:07.332","00:00:29.450"
$G,2,"2",4,"00:00:29.450"
$H,2,"2",4,"00:00:07.332"
$J,"3","00:00:07.448","00:00:29.927"
$G,3,"3",4,"00:00:29.927"
$H,3,"3",4,"00:00:07.448"
$F,36,"00:00:00","18:44:34","00:00:31","Green "
$J,"4","00:00:07.541","00:00:30.309"
$G,4,"4",4,"00:00:30.309"
$H,4,"4",4,"00:00:07.541"
$J,"8","00:00:07.611","00:00:30.576"
$G,5,"8",4,"00:00:30.576"
$H,5,"8",4,"00:00:07.611"
$J,"5","00:00:07.633","00:00:30.679"
$G,6,"5",4,"00:00:30.679"
$H,6,"5",4,"00:00:07.633"
$F,36,"00:00:00","18:44:35","00:00:32","Green "
$J,"6","00:00:07.762","00:00:31.193"
$G,7,"6",4,"00:00:31.193"
$H,7,"6",4,"00:00:07.762"
$J,"7","00:00:07.931","00:00:31.887"
$G,8,"7",4,"00:00:31.887"
$H,8,"7",4,"00:00:07.931"
$F,36,"00:00:00","18:44:36","00:00:33","Green "
$F,36,"00:00:00","18:44:37","00:00:34","Green "
$F,36,"00:00:00","18:44:38","00:00:35","Green "
$F,36,"00:00:00","18:44:39","00:00:36","Green "
$F,36,"00:00:00","18:44:40","00:00:37","Green "
$J,"1","00:00:07.166","00:00:36.065"
$G,1,"1",5,"00:00:36.065"
$H,1,"1",5,"00:00:07.166"
$J,"2","00:00:07.328","00:00:36.778"
$G,2,"2",5,"00:00:36.778"
$H,2,"2",5,"00:00:07.328"
$F,35,"00:00:00","18:44:41","00:00:38","Green "
$J,"3","00:00:07.434","00:00:37.361"
$G,3,"3",5,"00:00:37.361"
$H,3,"3",5,"00:00:07.434"
$J,"4","00:00:07.532","00:00:37.841"
$G,4,"4",5,"00:00:37.841"
$H,4,"4",5,"00:00:07.532"
$F,35,"00:00:00","18:44:42","00:00:39","Green "
$J,"8","00:00:07.602","00:00:38.178"
$G,5,"8",5,"00:00:38.178"
$H,5,"8",5,"00:00:07.602"
$J,"5","00:00:07.621","00:00:38.300"
$G,6,"5",5,"00:00:38.300"
$H,6,"5",5,"00:00:07.621"
$J,"6","00:00:07.751","00:00:38.944"
$G,7,"6",5,"00:00:38.944"
$H,7,"6",5,"00:00:07.751"
$F,35,"00:00:00","18:44:43","00:00:40","Green "
$J,"7","00:00:07.921","00:00:39.808"
$G,8,"7",5,"00:00:39.808"
$H,8,"7",5,"00:00:07.921"
$F,35,"00:00:00","18:44:44","00:00:41","Green "
$F,35,"00:00:00","18:44:45","00:00:42","Green "
$F,35,"00:00:00","18:44:46","00:00:43","Green "
$F,35,"00:00:00","18:44:47","00:00:44","Green "
$J,"1","00:00:07.143","00:00:43.208"
$G,1,"1",6,"00:00:43.208"
$H,1,"1",6,"00:00:07.143"
$F,34,"00:00:00","18:44:48","00:00:45","Green "
$J,"2","00:00:07.311","00:00:44.089"
$G,2,"2",6,"00:00:44.089"
$H,2,"2",6,"00:00:07.311"
$J,"3","00:00:07.419","00:00:44.780"
$G,3,"3",6,"00:00:44.780"
$H,3,"3",6,"00:00:07.419"
$F,34,"00:00:00","18:44:49","00:00:46","Green "
$J,"4","00:00:07.521","00:00:45.362"
$G,4,"4",6,"00:00:45.362"
$H,4,"4",6,"00:00:07.521"
$J,"8","00:00:07.596","00:00:45.774"
$G,5,"8",6,"00:00:45.774"
$H,5,"8",6,"00:00:07.596"
$J,"5","00:00:07.612","00:00:45.912"
$G,6,"5",6,"00:00:45.912"
$H,6,"5",6,"00:00:07.612"
$F,34,"00:00:00","18:44:50","00:00:47","Green "
$J,"6","00:00:07.742","00:00:46.686"
$G,7,"6",6,"00:00:46.686"
$H,7,"6",6,"00:00:07.742"
$F,34,"00:00:00","18:44:51","00:00:48","Green "
$J,"7","00:00:07.914","00:00:47.722"
$G,8,"7",6,"00:00:47.722"
$H,8,"7",6,"00:00:07.914"
$F,34,"00:00:00","18:44:52","00:00:49","Green "
$F,34,"00:00:00","18:44:53","00:00:50","Green "
$F,34,"00:00:00","18:44:54","00:00:51","Green "
$J,"1","00:00:07.157","00:00:50.365"
$G,1,"1",7,"00:00:50.365"
$H,1,"1",6,"00:00:07.143"
$F,33,"00:00:00","18:44:55","00:00:52","Green "
$J,"2","00:00:07.326","00:00:51.415"
$G,2,"2",7,"00:00:51.415"
$H,2,"2",6,"00:00:07.311"
$F,33,"00:00:00","18:44:56","00:00:53","Green "
$J,"3","00:00:07.441","00:00:52.221"
$G,3,"3",7,"00:00:52.221"
$H,3,"3",6,"00:00:07.419"
$J,"4","00:00:07.544","00:00:52.906"
$G,4,"4",7,"00:00:52.906"
$H,4,"4",6,"00:00:07.521"
$F,33,"00:00:00","18:44:57","00:00:54","Green "
$J,"8","00:00:07.618","00:00:53.392"
$G,5,"8",7,"00:00:53.392"
$H,5,"8",6,"00:00:07.596"
$J,"5","00:00:07.636","00:00:53.548"
$G,6,"5",7,"00:00:53.548"
$H,6,"5",6,"00:00:07.612"
$F,33,"00:00:00","18:44:58","00:00:55","Green "
$J,"6","00:00:07.771","00:00:54.457"
$G,7,"6",7,"00:00:54.457"
$H,7,"6",6,"00:00:07.742"
$F,33,"00:00:00","18:44:59","00:00:56","Green "
$J,"7","00:00:07.942","00:00:55.664"
$G,8,"7",7,"00:00:55.664"
$H,8,"7",6,"00:00:07.914"
$F,33,"00:00:00","18:45:00","00:00:57","Green "
$F,33,"00:00:00","18:45:01","00:00:58","Green "
$J,"1","00:00:07.131","00:00:57.496"
$G,1,"1",8,"00:00:57.496"
$H,1,"1",8,"00:00:07.131"
$F,32,"00:00:00","18:45:02","00:00:59","Green "
$J,"2","00:00:07.301","00:00:58.716"
$G,2,"2",8,"00:00:58.716"
$H,2,"2",8,"00:00:07.301"
$F,32,"00:00:00","18:45:03","00:01:00","Green "
$J,"3","00:00:07.425","00:00:59.646"
$G,3,"3",8,"00:00:59.646"
$H,3,"3",6,"00:00:07.419"
$F,32,"00:00:00","18:45:04","00:01:01","Green "
$J,"4","00:00:07.529","00:01:00.435"
$G,4,"4",8,"00:01:00.435"
$H,4,"4",6,"00:00:07.521"
$J,"8","00:00:07.606","00:01:00.998"
$G,5,"8",8,"00:01:00.998"
$H,5,"8",6,"00:00:07.596"
$F,32,"00:00:00","18:45:05","00:01:02","Green "
$J,"5","00:00:07.619","00:01:01.167"
$G,6,"5",8,"00:01:01.167"
$H,6,"5",6,"00:00:07.612"
$F,32,"00:00:00","18:45:06","00:01:03","Green "
$J,"6","00:00:07.756","00:01:02.213"
$G,7,"6",8,"00:01:02.213"
$H,7,"6",6,"00:00:07.742"
$F,32,"00:00:00","18:45:07","00:01:04","Green "
$J,"7","00:00:07.928","00:01:03.592"
$G,8,"7",8,"00:01:03.592"
$H,8,"7",6,"00:00:07.914"
$F,32,"00:00:00","18:45:08","00:01:05","Green "
$J,"1","00:00:07.122","00:01:04.618"
$G,1,"1",9,"00:01:04.618"
$H,1,"1",9,"00:00:07.122"
$F,31,"00:00:00","18:45:09","00:01:06","Green "
$F,31,"00:00:00","18:45:10","00:01:07","Green "
$J,"2","00:00:07.296","00:01:06.012"
$G,2,"2",9,"00:01:06.012"
$H,2,"2",9,"00:00:07.296"
$F,31,"00:00:00","18:45:11","00:01:08","Green "
$J,"3","00:00:07.411","00:01:07.057"
$G,3,"3",9,"00:01:07.057"
$H,3,"3",9,"00:00:07.411"
$J,"4","00:00:07.516","00:01:07.951"
$G,4,"4",9,"00:01:07.951"
$H,4,"4",9,"00:00:07.516"
$F,31,"00:00:00","18:45:12","00:01:09","Green "
$J,"8","00:00:07.593","00:01:08.591"
$G,5,"8",9,"00:01:08.591"
$H,5,"8",9,"00:00:07.593"
$J,"5","00:00:07.607","00:01:08.774"
$G,6,"5",9,"00:01:08.774"
$H,6,"5",9,"00:00:07.607"
$F,31,"00:00:00","18:45:13","00:01:10","Green "
$J,"6","00:00:07.744","00:01:09.957"
$G,7,"6",9,"00:01:09.957"
$H,7,"6",6,"00:00:07.742"
$F,31,"00:00:00","18:45:14","00:01:11","Green "
$F,31,"00:00:00","18:45:15","00:01:12","Green "
$J,"7","00:00:07.919","00:01:11.511"
$G,8,"7",9,"00:01:11.511"
$H,8,"7",6,"00:00:07.914"
$J,"1","00:00:07.148","00:01:11.766"
$G,1,"1",10,"00:01:11.766"
$H,1,"1",9,"00:00:07.122"
$F,30,"00:00:00","18:45:16","00:01:13","Green "
$F,30,"00:00:00","18:45:17","00:01:14","Green "
$J,"2","00:00:07.314","00:01:13.326"
$G,2,"2",10,"00:01:13.326"
$H,2,"2",9,"00:00:07.296"
$F,30,"00:00:00","18:45:18","00:01:15","Green "
$J,"3","00:00:07.428","00:01:14.485"
$G,3,"3",10,"00:01:14.485"
$H,3,"3",9,"00:00:07.411"
$F,30,"00:00:00","18:45:19","00:01:16","Green "
$J,"4","00:00:07.533","00:01:15.484"
$G,4,"4",10,"00:01:15.484"
$H,4,"4",9,"00:00:07.516"
$F,30,"00:00:00","18:45:20","00:01:17","Green "
$J,"8","00:00:07.587","00:01:16.178"
$G,5,"8",10,"00:01:16.178"
$H,5,"8",10,"00:00:07.587"
$J,"5","00:00:07.622","00:01:16.396"
$G,6,"5",10,"00:01:16.396"
$H,6,"5",9,"00:00:07.607"
$F,30,"00:00:00","18:45:21","00:01:18","Green "
$J,"6","00:00:07.758","00:01:17.715"
$G,7,"6",10,"00:01:17.715"
$H,7,"6",6,"00:00:07.742"
$F,30,"00:00:00","18:45:22","00:01:19","Green "
$J,"1","00:00:07.165","00:01:18.931"
$G,1,"1",11,"00:01:18.931"
$H,1,"1",9,"00:00:07.122"
$F,29,"00:00:00","18:45:23","00:01:20","Green "
$J,"7","00:00:07.933","00:01:19.444"
$G,8,"7",10,"00:01:19.444"
$H,8,"7",6,"00:00:07.914"
$F,29,"00:00:00","18:45:24","00:01:21","Green "
$J,"2","00:00:07.327","00:01:20.653"
$G,2,"2",11,"00:01:20.653"
$H,2,"2",9,"00:00:07.296"
$F,29,"00:00:00","18:45:25","00:01:22","Green "
$J,"3","00:00:07.446","00:01:21.931"
$G,3,"3",11,"00:01:21.931"
$H,3,"3",9,"00:00:07.411"
$F,29,"00:00:00","18:45:26","00:01:23","Green "
$F,29,"00:00:00","18:45:27","00:01:24","Green "
$J,"4","00:00:07.556","00:01:23.040"
$G,4,"4",11,"00:01:23.040"
$H,4,"4",9,"00:00:07.516"
$J,"8","00:00:07.579","00:01:23.757"
$G,5,"8",11,"00:01:23.757"
$H,5,"8",11,"00:00:07.579"
$F,29,"00:00:00","18:45:28","00:01:25","Green "
$J,"5","00:00:07.646","00:01:24.042"
$G,6,"5",11,"00:01:24.042"
$H,6,"5",9,"00:00:07.607"
$F,29,"00:00:00","18:45:29","00:01:26","Green "
$J,"6","00:00:07.782","00:01:25.497"
$G,7,"6",11,"00:01:25.497"
$H,7,"6",6,"00:00:07.742"
$F,29,"00:00:00","18:45:30","00:01:27","Green "
$J,"1","00:00:07.138","00:01:26.069"
$G,1,"1",12,"00:01:26.069"
$H,1,"1",9,"00:00:07.122"
$F,28,"00:00:00","18:45:31","00:01:28","Green "
$J,"7","00:00:07.959","00:01:27.403"
$G,8,"7",11,"00:01:27.403"
$H,8,"7",6,"00:00:07.914"
$J,"2","00:00:07.309","00:01:27.962"
$G,2,"2",12,"00:01:27.962"
$H,2,"2",9,"00:00:07.296"
$F,28,"00:00:00","18:45:32","00:01:29","Green "
$F,28,"00:00:00","18:45:33","00:01:30","Green "
$J,"3","00:00:07.433","00:01:29.364"
$G,3,"3",12,"00:01:29.364"
$H,3,"3",9,"00:00:07.411"
$F,28,"00:00:00","18:45:34","00:01:31","Green "
$J,"4","00:00:07.544","00:01:30.584"
$G,4,"4",12,"00:01:30.584"
$H,4,"4",9,"00:00:07.516"
$F,28,"00:00:00","18:45:35","00:01:32","Green "
$J,"8","00:00:07.572","00:01:31.329"
$G,5,"8",12,"00:01:31.329"
$H,5,"8",12,"00:00:07.572"
$J,"5","00:00:07.634","00:01:31.676"
$G,6,"5",12,"00:01:31.676"
$H,6,"5",9,"00:00:07.607"
$F,28,"00:00:00","18:45:36","00:01:33","Green "
$F,28,"00:00:00","18:45:37","00:01:34","Green "
$J,"1","00:00:07.121","00:01:33.190"
$G,1,"1",13,"00:01:33.190"
$H,1,"1",13,"00:00:07.121"
$J,"6","00:00:07.769","00:01:33.266"
$G,7,"6",12,"00:01:33.266"
$H,7,"6",6,"00:00:07.742"
$F,27,"00:00:00","18:45:38","00:01:35","Green "
$F,27,"00:00:00","18:45:39","00:01:36","Green "
$J,"2","00:00:07.301","00:01:35.263"
$G,2,"2",13,"00:01:35.263"
$H,2,"2",9,"00:00:07.296"
$J,"7","00:00:07.946","00:01:35.349"
$G,8,"7",12,"00:01:35.349"
$H,8,"7",6,"00:00:07.914"
$F,27,"00:00:00","18:45:40","00:01:37","Green "
$J,"3","00:00:07.421","00:01:36.785"
$G,3,"3",13,"00:01:36.785"
$H,3,"3",9,"00:00:07.411"
$F,27,"00:00:00","18:45:41","00:01:38","Green "
$F,27,"00:00:00","18:45:42","00:01:39","Green "
$J,"4","00:00:07.533","00:01:38.117"
$G,4,"4",13,"00:01:38.117"
$H,4,"4",9,"00:00:07.516"
$F,27,"00:00:00","18:45:43","00:01:40","Green "
$J,"5","00:00:07.623","00:01:39.299"
$G,5,"5",13,"00:01:39.299"
$H,5,"5",9,"00:00:07.607"
$F,27,"00:00:00","18:45:44","00:01:41","Green "
$J,"1","00:00:07.114","00:01:40.304"
$G,1,"1",14,"00:01:40.304"
$H,1,"1",14,"00:00:07.114"
$F,26,"00:00:00","18:45:45","00:01:42","Green "
$J,"6","00:00:07.758","00:01:41.024"
$G,6,"6",13,"00:01:41.024"
$H,6,"6",6,"00:00:07.742"
$F,26,"00:00:00","18:45:46","00:01:43","Green "
$J,"2","00:00:07.292","00:01:42.555"
$G,2,"2",14,"00:01:42.555"
$H,2,"2",14,"00:00:07.292"
$F,26,"00:00:00","18:45:47","00:01:44","Green "
$J,"7","00:00:07.936","00:01:43.285"
$G,7,"7",13,"00:01:43.285"
$H,7,"7",6,"00:00:07.914"
$F,26,"00:00:00","18:45:48","00:01:45","Green "
$J,"3","00:00:07.417","00:01:44.202"
$G,3,"3",14,"00:01:44.202"
$H,3,"3",9,"00:00:07.411"
$F,26,"00:00:00","18:45:49","00:01:46","Green "
$J,"4","00:00:07.526","00:01:45.643"
$G,4,"4",14,"00:01:45.643"
$H,4,"4",9,"00:00:07.516"
$F,26,"00:00:00","18:45:50","00:01:47","Green "
$J,"5","00:00:07.614","00:01:46.913"
$G,5,"5",14,"00:01:46.913"
$H,5,"5",9,"00:00:07.607"
$F,26,"00:00:00","18:45:51","00:01:48","Green "
$J,"1","00:00:07.129","00:01:47.433"
$G,1,"1",15,"00:01:47.433"
$H,1,"1",14,"00:00:07.114"
$F,25,"00:00:00","18:45:52","00:01:49","Green "
$J,"6","00:00:07.749","00:01:48.773"
$G,6,"6",14,"00:01:48.773"
$H,6,"6",6,"00:00:07.742"
$F,25,"00:00:00","18:45:53","00:01:50","Green "
$J,"2","00:00:07.308","00:01:49.863"
$G,2,"2",15,"00:01:49.863"
$H,2,"2",14,"00:00:07.292"
$F,25,"00:00:00","18:45:54","00:01:51","Green "
$F,25,"00:00:00","18:45:55","00:01:52","Green "
$J,"7","00:00:07.929","00:01:51.214"
$G,7,"7",14,"00:01:51.214"
$H,7,"7",6,"00:00:07.914"
$J,"3","00:00:07.432","00:01:51.634"
$G,3,"3",15,"00:01:51.634"
$H,3,"3",9,"00:00:07.411"
$F,25,"00:00:00","18:45:56","00:01:53","Green "
$F,25,"00:00:00","18:45:57","00:01:54","Green "
$J,"4","00:00:07.541","00:01:53.184"
$G,4,"4",15,"00:01:53.184"
$H,4,"4",9,"00:00:07.516"
$F,25,"00:00:00","18:45:58","00:01:55","Green "
$J,"5","00:00:07.629","00:01:54.542"
$G,5,"5",15,"00:01:54.542"
$H,5,"5",9,"00:00:07.607"
$J,"1","00:00:07.152","00:01:54.585"
$G,1,"1",16,"00:01:54.585"
$H,1,"1",14,"00:00:07.114"
$F,24,"00:00:00","18:45:59","00:01:56","Green "
$F,24,"00:00:00","18:46:00","00:01:57","Green "
$J,"6","00:00:07.766","00:01:56.539"
$G,6,"6",15,"00:01:56.539"
$H,6,"6",6,"00:00:07.742"
$F,24,"00:00:00","18:46:01","00:01:58","Green "
$J,"2","00:00:07.334","00:01:57.197"
$G,2,"2",16,"00:01:57.197"
$H,2,"2",14,"00:00:07.292"
$F,24,"00:00:00","18:46:02","00:01:59","Green "
$F,24,"00:00:00","18:46:03","00:02:00","Green "
$J,"3","00:00:07.454","00:01:59.088"
$G,3,"3",16,"00:01:59.088"
$H,3,"3",9,"00:00:07.411"
$J,"7","00:00:07.944","00:01:59.158"
$G,7,"7",15,"00:01:59.158"
$H,7,"7",6,"00:00:07.914"
$F,24,"00:00:00","18:46:04","00:02:01","Green "
$J,"4","00:00:07.564","00:02:00.748"
$G,4,"4",16,"00:02:00.748"
$H,4,"4",9,"00:00:07.516"
$F,24,"00:00:00","18:46:05","00:02:02","Green "
$J,"1","00:00:07.144","00:02:01.729"
$G,1,"1",17,"00:02:01.729"
$H,1,"1",14,"00:00:07.114"
$F,23,"00:00:00","18:46:06","00:02:03","Green "
$J,"5","00:00:07.653","00:02:02.195"
$G,5,"5",16,"00:02:02.195"
$H,5,"5",9,"00:00:07.607"
$F,23,"00:00:00","18:46:07","00:02:04","Green "
$F,23,"00:00:00","18:46:08","00:02:05","Green "
$J,"6","00:00:07.791","00:02:04.330"
$G,6,"6",16,"00:02:04.330"
$H,6,"6",6,"00:00:07.742"
$J,"2","00:00:07.325","00:02:04.522"
$G,2,"2",17,"00:02:04.522"
$H,2,"2",14,"00:00:07.292"
$F,23,"00:00:00","18:46:09","00:02:06","Green "
$F,23,"00:00:00","18:46:10","00:02:07","Green "
$J,"3","00:00:07.446","00:02:06.534"
$G,3,"3",17,"00:02:06.534"
$H,3,"3",9,"00:00:07.411"
$F,23,"00:00:00","18:46:11","00:02:08","Green "
$J,"7","00:00:07.972","00:02:07.130"
$G,7,"7",16,"00:02:07.130"
$H,7,"7",6,"00:00:07.914"
$F,23,"00:00:00","18:46:12","00:02:09","Green "
$J,"4","00:00:07.559","00:02:08.307"
$G,4,"4",17,"00:02:08.307"
$H,4,"4",9,"00:00:07.516"
$J,"1","00:00:07.138","00:02:08.867"
$G,1,"1",18,"00:02:08.867"
$H,1,"1",14,"00:00:07.114"
$F,22,"00:00:00","18:46:13","00:02:10","Green "
$J,"5","00:00:07.647","00:02:09.842"
$G,5,"5",17,"00:02:09.842"
$H,5,"5",9,"00:00:07.607"
$F,22,"00:00:00","18:46:14","00:02:11","Green "
$F,22,"00:00:00","18:46:15","00:02:12","Green "
$J,"2","00:00:07.319","00:02:11.841"
$G,2,"2",18,"00:02:11.841"
$H,2,"2",14,"00:00:07.292"
$F,22,"00:00:00","18:46:16","00:02:13","Green "
$J,"6","00:00:07.786","00:02:12.116"
$G,6,"6",17,"00:02:12.116"
$H,6,"6",6,"00:00:07.742"
$F,22,"00:00:00","18:46:17","00:02:14","Green "
$J,"3","00:00:07.441","00:02:13.975"
$G,3,"3",18,"00:02:13.975"
$H,3,"3",9,"00:00:07.411"
$F,22,"00:00:00","18:46:18","00:02:15","Green "
$F,22,"00:00:00","18:46:19","00:02:16","Green "
$J,"7","00:00:07.966","00:02:15.096"
$G,7,"7",17,"00:02:15.096"
$H,7,"7",6,"00:00:07.914"
$J,"4","00:00:07.552","00:02:15.859"
$G,4,"4",18,"00:02:15.859"
$H,4,"4",9,"00:00:07.516"
$J,"1","00:00:07.126","00:02:15.993"
$G,1,"1",19,"00:02:15.993"
$H,1,"1",14,"00:00:07.114"
$F,21,"00:00:00","18:46:20","00:02:17","Green "
$F,21,"00:00:00","18:46:21","00:02:18","Green "
$J,"5","00:00:07.641","00:02:17.483"
$G,5,"5",18,"00:02:17.483"
$H,5,"5",9,"00:00:07.607"
$F,21,"00:00:00","18:46:22","00:02:19","Green "
$F,21,"00:00:00","18:46:23","00:02:20","Green "
$J,"2","00:00:07.307","00:02:19.148"
$G,2,"2",19,"00:02:19.148"
$H,2,"2",14,"00:00:07.292"
$J,"6","00:00:07.781","00:02:19.897"
$G,6,"6",18,"00:02:19.897"
$H,6,"6",6,"00:00:07.742"
$F,21,"00:00:00","18:46:24","00:02:21","Green "
$F,21,"00:00:00","18:46:25","00:02:22","Green "
$J,"3","00:00:07.432","00:02:21.407"
$G,3,"3",19,"00:02:21.407"
$H,3,"3",9,"00:00:07.411"
$F,21,"00:00:00","18:46:26","00:02:23","Green "
$F,21,"00:00:00","18:46:27","00:02:24","Green "
$J,"7","00:00:07.961","00:02:23.057"
$G,7,"7",18,"00:02:23.057"
$H,7,"7",6,"00:00:07.914"
$J,"1","00:00:07.118","00:02:23.111"
$G,1,"1",20,"00:02:23.111"
$H,1,"1",14,"00:00:07.114"
$J,"4","00:00:07.544","00:02:23.403"
$G,4,"4",19,"00:02:23.403"
$H,4,"4",9,"00:00:07.516"
$F,20,"00:00:00","18:46:28","00:02:25","Green "
$F,20,"00:00:00","18:46:29","00:02:26","Green "
$J,"5","00:00:07.633","00:02:25.116"
$G,5,"5",19,"00:02:25.116"
$H,5,"5",9,"00:00:07.607"
$F,20,"00:00:00","18:46:30","00:02:27","Green "
$J,"2","00:00:07.299","00:02:26.447"
$G,2,"2",20,"00:02:26.447"
$H,2,"2",14,"00:00:07.292"
$F,20,"00:00:00","18:46:31","00:02:28","Green "
$J,"6","00:00:07.774","00:02:27.671"
$G,6,"6",19,"00:02:27.671"
$H,6,"6",6,"00:00:07.742"
$F,20,"00:00:00","18:46:32","00:02:29","Green "
$J,"3","00:00:07.424","00:02:28.831"
$G,3,"3",20,"00:02:28.831"
$H,3,"3",9,"00:00:07.411"
$F,20,"00:00:00","18:46:33","00:02:30","Green "
$F,20,"00:00:00","18:46:34","00:02:31","Green "
$J,"1","00:00:07.111","00:02:30.222"
$G,1,"1",21,"00:02:30.222"
$H,1,"1",21,"00:00:07.111"
$J,"4","00:00:07.536","00:02:30.939"
$G,4,"4",20,"00:02:30.939"
$H,4,"4",9,"00:00:07.516"
$F,19,"00:00:00","18:46:35","00:02:32","Green "
$J,"7","00:00:07.955","00:02:31.012"
$G,7,"7",19,"00:02:31.012"
$H,7,"7",6,"00:00:07.914"
$F,19,"00:00:00","18:46:36","00:02:33","Green "
$J,"5","00:00:07.626","00:02:32.742"
$G,5,"5",20,"00:02:32.742"
$H,5,"5",9,"00:00:07.607"
$F,19,"00:00:00","18:46:37","00:02:34","Green "
$J,"2","00:00:07.291","00:02:33.738"
$G,2,"2",21,"00:02:33.738"
$H,2,"2",21,"00:00:07.291"
$F,19,"00:00:00","18:46:38","00:02:35","Green "
$F,19,"00:00:00","18:46:39","00:02:36","Green "
$J,"6","00:00:07.768","00:02:35.439"
$G,6,"6",20,"00:02:35.439"
$H,6,"6",6,"00:00:07.742"
$F,19,"00:00:00","18:46:40","00:02:37","Green "
$J,"3","00:00:07.417","00:02:36.248"
$G,3,"3",21,"00:02:36.248"
$H,3,"3",9,"00:00:07.411"
$F,19,"00:00:00","18:46:41","00:02:38","Green "
$J,"1","00:00:07.105","00:02:37.327"
$G,1,"1",22,"00:02:37.327"
$H,1,"1",22,"00:00:07.105"
$F,18,"00:00:00","18:46:42","00:02:39","Green "
$J,"4","00:00:07.531","00:02:38.470"
$G,4,"4",21,"00:02:38.470"
$H,4,"4",9,"00:00:07.516"
$J,"7","00:00:07.948","00:02:38.960"
$G,7,"7",20,"00:02:38.960"
$H,7,"7",6,"00:00:07.914"
$F,18,"00:00:00","18:46:43","00:02:40","Green "
$F,18,"00:00:00","18:46:44","00:02:41","Green "
$J,"5","00:00:07.621","00:02:40.363"
$G,5,"5",21,"00:02:40.363"
$H,5,"5",9,"00:00:07.607"
$F,18,"00:00:00","18:46:45","00:02:42","Green "
$J,"2","00:00:07.286","00:02:41.024"
$G,2,"2",22,"00:02:41.024"
$H,2,"2",22,"00:00:07.286"
$F,18,"00:00:00","18:46:46","00:02:43","Green "
$F,18,"00:00:00","18:46:47","00:02:44","Green "
$J,"6","00:00:07.763","00:02:43.202"
$G,6,"6",21,"00:02:43.202"
$H,6,"6",6,"00:00:07.742"
$J,"3","00:00:07.411","00:02:43.659"
$G,3,"3",22,"00:02:43.659"
$H,3,"3",9,"00:00:07.411"
$F,18,"00:00:00","18:46:48","00:02:45","Green "
$J,"1","00:00:07.132","00:02:44.459"
$G,1,"1",23,"00:02:44.459"
$H,1,"1",22,"00:00:07.105"
$F,17,"00:00:00","18:46:49","00:02:46","Green "
$J,"4","00:00:07.526","00:02:45.996"
$G,4,"4",22,"00:02:45.996"
$H,4,"4",9,"00:00:07.516"
$F,17,"00:00:00","18:46:50","00:02:47","Green "
$J,"7","00:00:07.944","00:02:46.904"
$G,7,"7",21,"00:02:46.904"
$H,7,"7",6,"00:00:07.914"
$F,17,"00:00:00","18:46:51","00:02:48","Green "
$J,"5","00:00:07.616","00:02:47.979"
$G,5,"5",22,"00:02:47.979"
$H,5,"5",9,"00:00:07.607"
$F,17,"00:00:00","18:46:52","00:02:49","Green "
$J,"2","00:00:07.315","00:02:48.339"
$G,2,"2",23,"00:02:48.339"
$H,2,"2",22,"00:00:07.286"
$F,17,"00:00:00","18:46:53","00:02:50","Green "
$F,17,"00:00:00","18:46:54","00:02:51","Green "
$J,"6","00:00:07.757","00:02:50.959"
$G,6,"6",22,"00:02:50.959"
$H,6,"6",6,"00:00:07.742"
$F,17,"00:00:00","18:46:55","00:02:52","Green "
$J,"3","00:00:07.436","00:02:51.095"
$G,3,"3",23,"00:02:51.095"
$H,3,"3",9,"00:00:07.411"
$J,"1","00:00:07.149","00:02:51.608"
$G,1,"1",24,"00:02:51.608"
$H,1,"1",22,"00:00:07.105"
$F,16,"00:00:00","18:46:56","00:02:53","Green "
$F,16,"00:00:00","18:46:57","00:02:54","Green "
$J,"4","00:00:07.548","00:02:53.544"
$G,4,"4",23,"00:02:53.544"
$H,4,"4",9,"00:00:07.516"
$F,16,"00:00:00","18:46:58","00:02:55","Green "
$J,"7","00:00:07.939","00:02:54.843"
$G,7,"7",22,"00:02:54.843"
$H,7,"7",6,"00:00:07.914"
$F,16,"00:00:00","18:46:59","00:02:56","Green "
$J,"5","00:00:07.639","00:02:55.618"
$G,5,"5",23,"00:02:55.618"
$H,5,"5",9,"00:00:07.607"
$J,"2","00:00:07.331","00:02:55.670"
$G,2,"2",24,"00:02:55.670"
$H,2,"2",22,"00:00:07.286"
$F,16,"00:00:00","18:47:00","00:02:57","Green "
$F,16,"00:00:00","18:47:01","00:02:58","Green "
$F,16,"00:00:00","18:47:02","00:02:59","Green "
$J,"3","00:00:07.452","00:02:58.547"
$G,3,"3",24,"00:02:58.547"
$H,3,"3",9,"00:00:07.411"
$J,"6","00:00:07.781","00:02:58.740"
$G,6,"6",23,"00:02:58.740"
$H,6,"6",6,"00:00:07.742"
$J,"1","00:00:07.140","00:02:58.748"
$G,1,"1",25,"00:02:58.748"
$H,1,"1",22,"00:00:07.105"
$F,15,"00:00:00","18:47:03","00:03:00","Green "
$F,15,"00:00:00","18:47:04","00:03:01","Green "
$F,15,"00:00:00","18:47:05","00:03:02","Green "
$J,"4","00:00:07.567","00:03:01.111"
$G,4,"4",24,"00:03:01.111"
$H,4,"4",9,"00:00:07.516"
$F,15,"00:00:00","18:47:06","00:03:03","Green "
$J,"7","00:00:07.964","00:03:02.807"
$G,7,"7",23,"00:03:02.807"
$H,7,"7",6,"00:00:07.914"
$J,"2","00:00:07.324","00:03:02.994"
$G,2,"2",25,"00:03:02.994"
$H,2,"2",22,"00:00:07.286"
$F,15,"00:00:00","18:47:07","00:03:04","Green "
$J,"5","00:00:07.658","00:03:03.276"
$G,5,"5",24,"00:03:03.276"
$H,5,"5",9,"00:00:07.607"
$F,15,"00:00:00","18:47:08","00:03:05","Green "
$F,15,"00:00:00","18:47:09","00:03:06","Green "
$J,"1","00:00:07.134","00:03:05.882"
$G,1,"1",26,"00:03:05.882"
$H,1,"1",22,"00:00:07.105"
$J,"3","00:00:07.447","00:03:05.994"
$G,3,"3",25,"00:03:05.994"
$H,3,"3",9,"00:00:07.411"
$F,14,"00:00:00","18:47:10","00:03:07","Green "
$J,"6","00:00:07.802","00:03:06.542"
$G,6,"6",24,"00:03:06.542"
$H,6,"6",6,"00:00:07.742"
$F,14,"00:00:00","18:47:11","00:03:08","Green "
$F,14,"00:00:00","18:47:12","00:03:09","Green "
$J,"4","00:00:07.559","00:03:08.670"
$G,4,"4",25,"00:03:08.670"
$H,4,"4",9,"00:00:07.516"
$F,14,"00:00:00","18:47:13","00:03:10","Green "
$F,14,"00:00:00","18:47:14","00:03:11","Green "
$J,"2","00:00:07.318","00:03:10.312"
$G,2,"2",26,"00:03:10.312"
$H,2,"2",22,"00:00:07.286"
$J,"7","00:00:07.986","00:03:10.793"
$G,7,"7",24,"00:03:10.793"
$H,7,"7",6,"00:00:07.914"
$J,"5","00:00:07.649","00:03:10.925"
$G,5,"5",25,"00:03:10.925"
$H,5,"5",9,"00:00:07.607"
$F,14,"00:00:00","18:47:15","00:03:12","Green "
$F,14,"00:00:00","18:47:16","00:03:13","Green "
$F,14,"00:00:00","18:47:17","00:03:14","Green "
$J,"1","00:00:07.126","00:03:13.008"
$G,1,"1",27,"00:03:13.008"
$H,1,"1",22,"00:00:07.105"
$J,"3","00:00:07.441","00:03:13.435"
$G,3,"3",26,"00:03:13.435"
$H,3,"3",9,"00:00:07.411"
$F,13,"00:00:00","18:47:18","00:03:15","Green "
$J,"6","00:00:07.794","00:03:14.336"
$G,6,"6",25,"00:03:14.336"
$H,6,"6",6,"00:00:07.742"
$F,13,"00:00:00","18:47:19","00:03:16","Green "
$F,13,"00:00:00","18:47:20","00:03:17","Green "
$J,"4","00:00:07.553","00:03:16.223"
$G,4,"4",26,"00:03:16.223"
$H,4,"4",9,"00:00:07.516"
$F,13,"00:00:00","18:47:21","00:03:18","Green "
$J,"2","00:00:07.309","00:03:17.621"
$G,2,"2",27,"00:03:17.621"
$H,2,"2",22,"00:00:07.286"
$F,13,"00:00:00","18:47:22","00:03:19","Green "
$J,"5","00:00:07.644","00:03:18.569"
$G,5,"5",26,"00:03:18.569"
$H,5,"5",9,"00:00:07.607"
$J,"7","00:00:07.978","00:03:18.771"
$G,7,"7",25,"00:03:18.771"
$H,7,"7",6,"00:00:07.914"
$F,13,"00:00:00","18:47:23","00:03:20","Green "
$F,13,"00:00:00","18:47:24","00:03:21","Green "
$J,"1","00:00:07.118","00:03:20.126"
$G,1,"1",28,"00:03:20.126"
$H,1,"1",22,"00:00:07.105"
$J,"3","00:00:07.432","00:03:20.867"
$G,3,"3",27,"00:03:20.867"
$H,3,"3",9,"00:00:07.411"
$F,12,"00:00:00","18:47:25","00:03:22","Green "
$F,12,"00:00:00","18:47:26","00:03:23","Green "
$J,"6","00:00:07.788","00:03:22.124"
$G,6,"6",26,"00:03:22.124"
$H,6,"6",6,"00:00:07.742"
$F,12,"00:00:00","18:47:27","00:03:24","Green "
$J,"4","00:00:07.544","00:03:23.767"
$G,4,"4",27,"00:03:23.767"
$H,4,"4",9,"00:00:07.516"
$F,12,"00:00:00","18:47:28","00:03:25","Green "
$J,"2","00:00:07.301","00:03:24.922"
$G,2,"2",28,"00:03:24.922"
$H,2,"2",22,"00:00:07.286"
$F,12,"00:00:00","18:47:29","00:03:26","Green "
$F,12,"00:00:00","18:47:30","00:03:27","Green "
$J,"5","00:00:07.634","00:03:26.203"
$G,5,"5",27,"00:03:26.203"
$H,5,"5",9,"00:00:07.607"
$J,"7","00:00:07.973","00:03:26.744"
$G,7,"7",26,"00:03:26.744"
$H,7,"7",6,"00:00:07.914"
$F,12,"00:00:00","18:47:31","00:03:28","Green "
$J,"1","00:00:07.111","00:03:27.237"
$G,1,"1",29,"00:03:27.237"
$H,1,"1",22,"00:00:07.105"
$F,11,"00:00:00","18:47:32","00:03:29","Green "
$J,"3","00:00:07.428","00:03:28.295"
$G,3,"3",28,"00:03:28.295"
$H,3,"3",9,"00:00:07.411"
$F,11,"00:00:00","18:47:33","00:03:30","Green "
$J,"6","00:00:07.781","00:03:29.905"
$G,6,"6",27,"00:03:29.905"
$H,6,"6",6,"00:00:07.742"
$F,11,"00:00:00","18:47:34","00:03:31","Green "
$F,11,"00:00:00","18:47:35","00:03:32","Green "
$J,"4","00:00:07.538","00:03:31.305"
$G,4,"4",28,"00:03:31.305"
$H,4,"4",9,"00:00:07.516"
$F,11,"00:00:00","18:47:36","00:03:33","Green "
$J,"2","00:00:07.296","00:03:32.218"
$G,2,"2",29,"00:03:32.218"
$H,2,"2",22,"00:00:07.286"
$F,11,"00:00:00","18:47:37","00:03:34","Green "
$J,"5","00:00:07.628","00:03:33.831"
$G,5,"5",28,"00:03:33.831"
$H,5,"5",9,"00:00:07.607"
$F,11,"00:00:00","18:47:38","00:03:35","Green "
$J,"1","00:00:07.106","00:03:34.343"
$G,1,"1",30,"00:03:34.343"
$H,1,"1",22,"00:00:07.105"
$J,"7","00:00:07.965","00:03:34.709"
$G,7,"7",27,"00:03:34.709"
$H,7,"7",6,"00:00:07.914"
$F,10,"00:00:00","18:47:39","00:03:36","Green "
$J,"3","00:00:07.421","00:03:35.716"
$G,3,"3",29,"00:03:35.716"
$H,3,"3",9,"00:00:07.411"
$F,10,"00:00:00","18:47:40","00:03:37","Green "
$F,10,"00:00:00","18:47:41","00:03:38","Green "
$J,"6","00:00:07.776","00:03:37.681"
$G,6,"6",28,"00:03:37.681"
$H,6,"6",6,"00:00:07.742"
$F,10,"00:00:00","18:47:42","00:03:39","Green "
$J,"4","00:00:07.531","00:03:38.836"
$G,4,"4",29,"00:03:38.836"
$H,4,"4",9,"00:00:07.516"
$F,10,"00:00:00","18:47:43","00:03:40","Green "
$J,"2","00:00:07.292","00:03:39.510"
$G,2,"2",30,"00:03:39.510"
$H,2,"2",22,"00:00:07.286"
$F,10,"00:00:00","18:47:44","00:03:41","Green "
$F,10,"00:00:00","18:47:45","00:03:42","Green "
$J,"1","00:00:07.102","00:03:41.445"
$G,1,"1",31,"00:03:41.445"
$H,1,"1",31,"00:00:07.102"
$J,"5","00:00:07.623","00:03:41.454"
$G,5,"5",29,"00:03:41.454"
$H,5,"5",9,"00:00:07.607"
$F,9,"00:00:00","18:47:46","00:03:43","Green "
$J,"7","00:00:07.962","00:03:42.671"
$G,7,"7",28,"00:03:42.671"
$H,7,"7",6,"00:00:07.914"
$F,9,"00:00:00","18:47:47","00:03:44","Green "
$J,"3","00:00:07.417","00:03:43.133"
$G,3,"3",30,"00:03:43.133"
$H,3,"3",9,"00:00:07.411"
$F,9,"00:00:00","18:47:48","00:03:45","Green "
$F,9,"00:00:00","18:47:49","00:03:46","Green "
$J,"6","00:00:07.771","00:03:45.452"
$G,6,"6",29,"00:03:45.452"
$H,6,"6",6,"00:00:07.742"
$F,9,"00:00:00","18:47:50","00:03:47","Green "
$J,"4","00:00:07.526","00:03:46.362"
$G,4,"4",30,"00:03:46.362"
$H,4,"4",9,"00:00:07.516"
$J,"2","00:00:07.289","00:03:46.799"
$G,2,"2",31,"00:03:46.799"
$H,2,"2",22,"00:00:07.286"
$F,9,"00:00:00","18:47:51","00:03:48","Green "
$F,9,"00:00:00","18:47:52","00:03:49","Green "
$J,"1","00:00:07.119","00:03:48.564"
$G,1,"1",32,"00:03:48.564"
$H,1,"1",31,"00:00:07.102"
$F,8,"00:00:00","18:47:53","00:03:50","Green "
$J,"5","00:00:07.618","00:03:49.072"
$G,5,"5",30,"00:03:49.072"
$H,5,"5",9,"00:00:07.607"
$F,8,"00:00:00","18:47:54","00:03:51","Green "
$J,"3","00:00:07.413","00:03:50.546"
$G,3,"3",31,"00:03:50.546"
$H,3,"3",9,"00:00:07.411"
$J,"7","00:00:07.958","00:03:50.629"
$G,7,"7",29,"00:03:50.629"
$H,7,"7",6,"00:00:07.914"
$F,8,"00:00:00","18:47:55","00:03:52","Green "
$F,8,"00:00:00","18:47:56","00:03:53","Green "
$F,8,"00:00:00","18:47:57","00:03:54","Green "
$J,"6","00:00:07.767","00:03:53.219"
$G,6,"6",30,"00:03:53.219"
$H,6,"6",6,"00:00:07.742"
$J,"4","00:00:07.522","00:03:53.884"
$G,4,"4",31,"00:03:53.884"
$H,4,"4",9,"00:00:07.516"
$F,8,"00:00:00","18:47:58","00:03:55","Green "
$J,"2","00:00:07.304","00:03:54.103"
$G,2,"2",32,"00:03:54.103"
$H,2,"2",22,"00:00:07.286"
$F,8,"00:00:00","18:47:59","00:03:56","Green "
$J,"1","00:00:07.138","00:03:55.702"
$G,1,"1",33,"00:03:55.702"
$H,1,"1",31,"00:00:07.102"
$F,7,"00:00:00","18:48:00","00:03:57","Green "
$J,"5","00:00:07.614","00:03:56.686"
$G,5,"5",31,"00:03:56.686"
$H,5,"5",9,"00:00:07.607"
$F,7,"00:00:00","18:48:01","00:03:58","Green "
$J,"3","00:00:07.431","00:03:57.977"
$G,3,"3",32,"00:03:57.977"
$H,3,"3",9,"00:00:07.411"
$F,7,"00:00:00","18:48:02","00:03:59","Green "
$J,"7","00:00:07.954","00:03:58.583"
$G,7,"7",30,"00:03:58.583"
$H,7,"7",6,"00:00:07.914"
$F,7,"00:00:00","18:48:03","00:04:00","Green "
$F,7,"00:00:00","18:48:04","00:04:01","Green "
$J,"6","00:00:07.763","00:04:00.982"
$G,6,"6",31,"00:04:00.982"
$H,6,"6",6,"00:00:07.742"
$F,7,"00:00:00","18:48:05","00:04:02","Green "
$J,"4","00:00:07.541","00:04:01.425"
$G,4,"4",32,"00:04:01.425"
$H,4,"4",9,"00:00:07.516"
$J,"2","00:00:07.326","00:04:01.429"
$G,2,"2",33,"00:04:01.429"
$H,2,"2",22,"00:00:07.286"
$F,7,"00:00:00","18:48:06","00:04:03","Green "
$J,"1","00:00:07.144","00:04:02.846"
$G,1,"1",34,"00:04:02.846"
$H,1,"1",31,"00:00:07.102"
$F,6,"00:00:00","18:48:07","00:04:04","Green "
$F,6,"00:00:00","18:48:08","00:04:05","Green "
$J,"5","00:00:07.632","00:04:04.318"
$G,5,"5",32,"00:04:04.318"
$H,5,"5",9,"00:00:07.607"
$F,6,"00:00:00","18:48:09","00:04:06","Green "
$J,"3","00:00:07.448","00:04:05.425"
$G,3,"3",33,"00:04:05.425"
$H,3,"3",9,"00:00:07.411"
$F,6,"00:00:00","18:48:10","00:04:07","Green "
$J,"7","00:00:07.951","00:04:06.534"
$G,7,"7",31,"00:04:06.534"
$H,7,"7",6,"00:00:07.914"
$F,6,"00:00:00","18:48:11","00:04:08","Green "
$F,6,"00:00:00","18:48:12","00:04:09","Green "
$J,"2","00:00:07.333","00:04:08.762"
$G,2,"2",34,"00:04:08.762"
$H,2,"2",22,"00:00:07.286"
$J,"6","00:00:07.781","00:04:08.763"
$G,6,"6",32,"00:04:08.763"
$H,6,"6",6,"00:00:07.742"
$J,"4","00:00:07.558","00:04:08.983"
$G,4,"4",33,"00:04:08.983"
$H,4,"4",9,"00:00:07.516"
$F,6,"00:00:00","18:48:13","00:04:10","Green "
$J,"1","00:00:07.132","00:04:09.978"
$G,1,"1",35,"00:04:09.978"
$H,1,"1",31,"00:00:07.102"
$F,5,"00:00:00","18:48:14","00:04:11","Green "
$F,5,"00:00:00","18:48:15","00:04:12","Green "
$J,"5","00:00:07.648","00:04:11.966"
$G,5,"5",33,"00:04:11.966"
$H,5,"5",9,"00:00:07.607"
$F,5,"00:00:00","18:48:16","00:04:13","Green "
$J,"3","00:00:07.456","00:04:12.881"
$G,3,"3",34,"00:04:12.881"
$H,3,"3",9,"00:00:07.411"
$F,5,"00:00:00","18:48:17","00:04:14","Green "
$F,5,"00:00:00","18:48:18","00:04:15","Green "
$J,"7","00:00:07.969","00:04:14.503"
$G,7,"7",32,"00:04:14.503"
$H,7,"7",6,"00:00:07.914"
$F,5,"00:00:00","18:48:19","00:04:16","Green "
$F,5,"00:00:00","18:48:20","00:04:17","Green "
$J,"2","00:00:07.321","00:04:16.083"
$G,2,"2",35,"00:04:16.083"
$H,2,"2",22,"00:00:07.286"
$J,"4","00:00:07.567","00:04:16.550"
$G,4,"4",34,"00:04:16.550"
$H,4,"4",9,"00:00:07.516"
$J,"6","00:00:07.799","00:04:16.562"
$G,6,"6",33,"00:04:16.562"
$H,6,"6",6,"00:00:07.742"
$F,5,"00:00:00","18:48:21","00:04:18","Green "
$J,"1","00:00:07.125","00:04:17.103"
$G,1,"1",36,"00:04:17.103"
$H,1,"1",31,"00:00:07.102"
$F,4,"00:00:00","18:48:22","00:04:19","Green "
$F,4,"00:00:00","18:48:23","00:04:20","Green "
$J,"5","00:00:07.659","00:04:19.625"
$G,5,"5",34,"00:04:19.625"
$H,5,"5",9,"00:00:07.607"
$F,4,"00:00:00","18:48:24","00:04:21","Green "
$J,"3","00:00:07.444","00:04:20.325"
$G,3,"3",35,"00:04:20.325"
$H,3,"3",9,"00:00:07.411"
$F,4,"00:00:00","18:48:25","00:04:22","Green "
$F,4,"00:00:00","18:48:26","00:04:23","Green "
$J,"7","00:00:07.988","00:04:22.491"
$G,7,"7",33,"00:04:22.491"
$H,7,"7",6,"00:00:07.914"
$F,4,"00:00:00","18:48:27","00:04:24","Green "
$J,"2","00:00:07.314","00:04:23.397"
$G,2,"2",36,"00:04:23.397"
$H,2,"2",22,"00:00:07.286"
$F,4,"00:00:00","18:48:28","00:04:25","Green "
$J,"4","00:00:07.559","00:04:24.109"
$G,4,"4",35,"00:04:24.109"
$H,4,"4",9,"00:00:07.516"
$J,"1","00:00:07.111","00:04:24.214"
$G,1,"1",37,"00:04:24.214"
$H,1,"1",31,"00:00:07.102"
$J,"6","00:00:07.808","00:04:24.370"
$G,6,"6",34,"00:04:24.370"
$H,6,"6",6,"00:00:07.742"
$F,3,"00:00:00","18:48:29","00:04:26","Green "
$F,3,"00:00:00","18:48:30","00:04:27","Green "
$F,3,"00:00:00","18:48:31","00:04:28","Green "
$J,"5","00:00:07.651","00:04:27.276"
$G,5,"5",35,"00:04:27.276"
$H,5,"5",9,"00:00:07.607"
$J,"3","00:00:07.437","00:04:27.762"
$G,3,"3",36,"00:04:27.762"
$H,3,"3",9,"00:00:07.411"
$F,3,"00:00:00","18:48:32","00:04:29","Green "
$F,3,"00:00:00","18:48:33","00:04:30","Green "
$F,3,"00:00:00","18:48:34","00:04:31","Green "
$J,"7","00:00:07.998","00:04:30.489"
$G,7,"7",34,"00:04:30.489"
$H,7,"7",6,"00:00:07.914"
$J,"2","00:00:07.301","00:04:30.698"
$G,2,"2",37,"00:04:30.698"
$H,2,"2",22,"00:00:07.286"
$F,3,"00:00:00","18:48:35","00:04:32","Green "
$J,"1","00:00:07.099","00:04:31.313"
$G,1,"1",38,"00:04:31.313"
$H,1,"1",38,"00:00:07.099"
$J,"4","00:00:07.552","00:04:31.661"
$G,4,"4",36,"00:04:31.661"
$H,4,"4",9,"00:00:07.516"
$F,2,"00:00:00","18:48:36","00:04:33","Green "
$J,"6","00:00:07.801","00:04:32.171"
$G,6,"6",35,"00:04:32.171"
$H,6,"6",6,"00:00:07.742"
$F,2,"00:00:00","18:48:37","00:04:34","Green "
$F,2,"00:00:00","18:48:38","00:04:35","Green "
$J,"5","00:00:07.643","00:04:34.919"
$G,5,"5",36,"00:04:34.919"
$H,5,"5",9,"00:00:07.607"
$F,2,"00:00:00","18:48:39","00:04:36","Green "
$J,"3","00:00:07.423","00:04:35.185"
$G,3,"3",37,"00:04:35.185"
$H,3,"3",9,"00:00:07.411"
$F,2,"00:00:00","18:48:40","00:04:37","Green "
$F,2,"00:00:00","18:48:41","00:04:38","Green "
$J,"2","00:00:07.296","00:04:37.994"
$G,2,"2",38,"00:04:37.994"
$H,2,"2",22,"00:00:07.286"
$F,2,"00:00:00","18:48:42","00:04:39","Green "
$J,"1","00:00:07.088","00:04:38.401"
$G,1,"1",39,"00:04:38.401"
$H,1,"1",39,"00:00:07.088"
$J,"7","00:00:07.991","00:04:38.480"
$G,7,"7",35,"00:04:38.480"
$H,7,"7",6,"00:00:07.914"
$F,1,"00:00:00","18:48:43","00:04:40","Green "
$J,"4","00:00:07.541","00:04:39.202"
$G,4,"4",37,"00:04:39.202"
$H,4,"4",9,"00:00:07.516"
$J,"6","00:00:07.793","00:04:39.964"
$G,6,"6",36,"00:04:39.964"
$H,6,"6",6,"00:00:07.742"
$F,1,"00:00:00","18:48:44","00:04:41","Green "
$F,1,"00:00:00","18:48:45","00:04:42","Green "
$F,1,"00:00:00","18:48:46","00:04:43","Green "
$J,"5","00:00:07.632","00:04:42.551"
$G,5,"5",37,"00:04:42.551"
$H,5,"5",9,"00:00:07.607"
$J,"3","00:00:07.419","00:04:42.604"
$G,3,"3",38,"00:04:42.604"
$H,3,"3",9,"00:00:07.411"
$F,1,"00:00:00","18:48:47","00:04:44","Green "
$F,1,"00:00:00","18:48:48","00:04:45","Green "
$F,1,"00:00:00","18:48:49","00:04:46","Green "
$J,"2","00:00:07.284","00:04:45.278"
$G,2,"2",39,"00:04:45.278"
$H,2,"2",39,"00:00:07.284"
$J,"1","00:00:07.074","00:04:45.475"
$G,1,"1",40,"00:04:45.475"
$H,1,"1",40,"00:00:07.074"
$F,0,"00:00:00","18:48:50","00:04:47","Finish"
$J,"7","00:00:07.984","00:04:46.464"
$G,7,"7",36,"00:04:46.464"
$H,7,"7",6,"00:00:07.914"
$J,"4","00:00:07.537","00:04:46.739"
$G,4,"4",38,"00:04:46.739"
$H,4,"4",9,"00:00:07.516"
$F,0,"00:00:00","18:48:51","00:04:48","Finish"
$J,"6","00:00:07.782","00:04:47.746"
$G,6,"6",37,"00:04:47.746"
$H,6,"6",6,"00:00:07.742"
$F,0,"00:00:00","18:48:52","00:04:49","Finish"
$F,0,"00:00:00","18:48:53","00:04:50","Finish"
$F,0,"00:00:00","18:48:54","00:04:51","Finish"
$J,"3","00:00:07.406","00:04:50.010"
$G,3,"3",39,"00:04:50.010"
$H,3,"3",39,"00:00:07.406"
$J,"5","00:00:07.629","00:04:50.180"
$G,5,"5",38,"00:04:50.180"
$H,5,"5",9,"00:00:07.607"
$F,0,"00:00:00","18:48:55","00:04:52","Finish"
$F,0,"00:00:00","18:48:56","00:04:53","Finish"
$J,"2","00:00:07.276","00:04:52.554"
$G,2,"2",40,"00:04:52.554"
$H,2,"2",40,"00:00:07.276"
$F,0,"00:00:00","18:48:57","00:04:54","Finish"
$F,0,"00:00:00","18:48:58","00:04:55","Finish"
$J,"4","00:00:07.526","00:04:54.265"
$G,4,"4",39,"00:04:54.265"
$H,4,"4",9,"00:00:07.516"
$J,"7","00:00:07.972","00:04:54.436"
$G,7,"7",37,"00:04:54.436"
$H,7,"7",6,"00:00:07.914"
$F,0,"00:00:00","18:48:59","00:04:56","Finish"
$J,"6","00:00:07.778","00:04:55.524"
$G,6,"6",38,"00:04:55.524"
$H,6,"6",6,"00:00:07.742"
$F,0,"00:00:00","18:49:00","00:04:57","Finish"
$F,0,"00:00:00","18:49:01","00:04:58","Finish"
$J,"3","00:00:07.398","00:04:57.408"
$G,3,"3",40,"00:04:57.408"
$H,3,"3",40,"00:00:07.398"
$J,"5","00:00:07.618","00:04:57.798"
$G,5,"5",39,"00:04:57.798"
$H,5,"5",9,"00:00:07.607"
$F,0,"00:00:00","18:49:02","00:04:59","Finish"
$F,0,"00:00:00","18:49:03","00:05:00","Finish"
$F,0,"00:00:00","18:49:04","00:05:01","Finish"
$F,0,"00:00:00","18:49:05","00:05:02","Finish"
$J,"4","00:00:07.518","00:05:01.783"
$G,4,"4",40,"00:05:01.783"
$H,4,"4",9,"00:00:07.516"
$F,0,"00:00:00","18:49:06","00:05:03","Finish"
$J,"7","00:00:07.968","00:05:02.404"
$G,7,"7",38,"00:05:02.404"
$H,7,"7",6,"00:00:07.914"
$F,0,"00:00:00","18:49:07","00:05:04","Finish"
$J,"6","00:00:07.767","00:05:03.291"
$G,6,"6",39,"00:05:03.291"
$H,6,"6",6,"00:00:07.742"
$F,0,"00:00:00","18:49:08","00:05:05","Finish"
$F,0,"00:00:00","18:49:09","00:05:06","Finish"
$J,"5","00:00:07.611","00:05:05.409"
$G,5,"5",40,"00:05:05.409"
$H,5,"5",9,"00:00:07.607"
$F,0,"00:00:00","18:49:10","00:05:07","Finish"
$F,0,"00:00:00","18:49:11","00:05:08","Finish"
$F,0,"00:00:00","18:49:12","00:05:09","Finish"
$F,0,"00:00:00","18:49:13","00:05:10","Finish"
$F,0,"00:00:00","18:49:14","00:05:11","Finish"
$F,0,"00:00:00","18:49:15","00:05:12","Finish"
$F,0,"00:00:00","18:49:16","00:05:13","Finish"
$F,0,"00:00:00","18:49:17","00:05:14","Finish"
$F,0,"00:00:00","18:49:18","00:05:15","Finish"
$F,0,"00:00:00","18:49:19","00:05:16","Finish"
$F,0,"00:00:00","18:49:20","00:05:17","Finish"
$F,0,"00:00:00","18:49:21","00:05:18","Finish"
$F,0,"00:00:00","18:49:22","00:05:19","Finish"
$F,0,"00:00:00","18:49:23","00:05:20","Finish"
$F,0,"00:00:00","18:49:24","00:05:21","Finish"
$J,"1","00:00:09.214","00:04:45.475"
$G,1,"1",40,"00:04:45.475"
$H,1,"1",40,"00:00:07.074"
$J,"1","00:00:12.487","00:04:45.475"
$G,1,"1",40,"00:04:45.475"
$H,1,"1",40,"00:00:07.074"
